            TRNSYS - the TRaNsient SYstem Simulation program

   The Solar Energy Lab at the University of Wisconsin - Madison, USA
Le Centre Scientifique et Technique du Batiment, Sophia Antipolis, France
           Transsolar Energietechnik GmBH, Stuttgart, Germany
        Thermal Energy System Specialists, LLC, Madison Wisconsin, USA

                           Release 17.02.0005

Simulation log for: "C:\Users\Jonas\OneDrive\TRNSYS\Eigene_Komponenten\PVT\Type_835_PVT\Type835_V3_2\Example\PVT_Example.dck"
 
*** Notice at time        :         0.000000
    Generated by Unit     : Not applicable or not available
    Generated by Type     : Not applicable or not available
    Message               : The TRNSYS Executable (TRNExe.exe) and main DLL (TRNDll.dll) are located in "C:\Trnsys17\Exe"
 
*** Notice at time        :         0.000000
    Generated by Unit     : Not applicable or not available
    Generated by Type     : Not applicable or not available
    TRNSYS Message     90 : TRNDll.dll is compiled in release mode. External DLLs will be loaded from the .\UserLib\ReleaseDLLs\ directory.
    Reported information  : Not available
 
*** Notice at time        :         0.000000
    Generated by Unit     : Not applicable or not available
    Generated by Type     : Not applicable or not available
    Message               : The following Types were loaded from TRNDll.dll: Type9, Type25, Type65
 
*** Notice at time        :         0.000000
    Generated by Unit     : Not applicable or not available
    Generated by Type     : Not applicable or not available
    Message               : "FileReader.dll" was found but did not contain any components from the input file.
 
*** Notice at time        :         0.000000
    Generated by Unit     : Not applicable or not available
    Generated by Type     : Not applicable or not available
    Message               : "TESSApplicationsLibrary_v17.2.01_Release.dll" was found but did not contain any components from the input file.
 
*** Notice at time        :         0.000000
    Generated by Unit     : Not applicable or not available
    Generated by Type     : Not applicable or not available
    Message               : "TESSArchiveDLL_v17.2.01_Release.dll" was found but did not contain any components from the input file.
 
*** Notice at time        :         0.000000
    Generated by Unit     : Not applicable or not available
    Generated by Type     : Not applicable or not available
    Message               : "TESSCogenLibrary_v17.2.01_Release.dll" was found but did not contain any components from the input file.
 
*** Notice at time        :         0.000000
    Generated by Unit     : Not applicable or not available
    Generated by Type     : Not applicable or not available
    Message               : "TESSControllersLibrary_v17.2.01_Release.dll" was found but did not contain any components from the input file.
 
*** Notice at time        :         0.000000
    Generated by Unit     : Not applicable or not available
    Generated by Type     : Not applicable or not available
    Message               : "TESSElectricalLibrary_v17.2.01_Release.dll" was found but did not contain any components from the input file.
 
*** Notice at time        :         0.000000
    Generated by Unit     : Not applicable or not available
    Generated by Type     : Not applicable or not available
    Message               : "TESSGHPLibrary_v17.2.01_Release.dll" was found but did not contain any components from the input file.
 
*** Notice at time        :         0.000000
    Generated by Unit     : Not applicable or not available
    Generated by Type     : Not applicable or not available
    Message               : "TESSGroundCouplingLibrary_v17.2.01_Release.dll" was found but did not contain any components from the input file.
 
*** Notice at time        :         0.000000
    Generated by Unit     : Not applicable or not available
    Generated by Type     : Not applicable or not available
    Message               : "TESSGroundCouplingType1244_v17.2.01_Release.dll" was found but did not contain any components from the input file.
 
*** Notice at time        :         0.000000
    Generated by Unit     : Not applicable or not available
    Generated by Type     : Not applicable or not available
    Message               : "TESSGroundCouplingType1255_v17.2.01_Release.dll" was found but did not contain any components from the input file.
 
*** Notice at time        :         0.000000
    Generated by Unit     : Not applicable or not available
    Generated by Type     : Not applicable or not available
    Message               : "TESSGroundCouplingType1256_v17.2.01_Release.dll" was found but did not contain any components from the input file.
 
*** Notice at time        :         0.000000
    Generated by Unit     : Not applicable or not available
    Generated by Type     : Not applicable or not available
    Message               : "TESSGroundCouplingType957_v17.2.01_Release.dll" was found but did not contain any components from the input file.
 
*** Notice at time        :         0.000000
    Generated by Unit     : Not applicable or not available
    Generated by Type     : Not applicable or not available
    Message               : "TESSGroundCouplingType993_v17.2.01_Release.dll" was found but did not contain any components from the input file.
 
*** Notice at time        :         0.000000
    Generated by Unit     : Not applicable or not available
    Generated by Type     : Not applicable or not available
    Message               : "TESSHTSLibrary_v17.2.01_Release.dll" was found but did not contain any components from the input file.
 
*** Notice at time        :         0.000000
    Generated by Unit     : Not applicable or not available
    Generated by Type     : Not applicable or not available
    Message               : "TESSHVACLibrary_v17.2.01_Release.dll" was found but did not contain any components from the input file.
 
*** Notice at time        :         0.000000
    Generated by Unit     : Not applicable or not available
    Generated by Type     : Not applicable or not available
    Message               : "TESSHydronics_v17.2.01_Release.dll" was found but did not contain any components from the input file.
 
*** Notice at time        :         0.000000
    Generated by Unit     : Not applicable or not available
    Generated by Type     : Not applicable or not available
    Message               : "TESSLoadsStructuresLibrary_v17.2.01_Release.dll" was found but did not contain any components from the input file.
 
*** Notice at time        :         0.000000
    Generated by Unit     : Not applicable or not available
    Generated by Type     : Not applicable or not available
    Message               : "TESSOptimizationLibrary_v17.2.01_Release.dll" was found but did not contain any components from the input file.
 
*** Notice at time        :         0.000000
    Generated by Unit     : Not applicable or not available
    Generated by Type     : Not applicable or not available
    Message               : "TESSSolarLibrary_v17.2.01_Release.dll" was found but did not contain any components from the input file.
 
*** Notice at time        :         0.000000
    Generated by Unit     : Not applicable or not available
    Generated by Type     : Not applicable or not available
    Message               : "TESSStorageLibrary_v17.2.01_Release.dll" was found but did not contain any components from the input file.
 
*** Notice at time        :         0.000000
    Generated by Unit     : Not applicable or not available
    Generated by Type     : Not applicable or not available
    Message               : "TESSUtilityLibrary_v17.2.01_Release.dll" was found but did not contain any components from the input file.
 
*** Notice at time        :         0.000000
    Generated by Unit     : Not applicable or not available
    Generated by Type     : Not applicable or not available
    Message               : "Type 803.dll" was found but did not contain any components from the input file.
 
*** Notice at time        :         0.000000
    Generated by Unit     : Not applicable or not available
    Generated by Type     : Not applicable or not available
    Message               : "type127.dll" was found but did not contain any components from the input file.
 
*** Notice at time        :         0.000000
    Generated by Unit     : Not applicable or not available
    Generated by Type     : Not applicable or not available
    Message               : "Type155.dll" was found but did not contain any components from the input file.
 
*** Notice at time        :         0.000000
    Generated by Unit     : Not applicable or not available
    Generated by Type     : Not applicable or not available
    Message               : "Type157.dll" was found but did not contain any components from the input file.
 
*** Notice at time        :         0.000000
    Generated by Unit     : Not applicable or not available
    Generated by Type     : Not applicable or not available
    Message               : "Type201.dll" was found but did not contain any components from the input file.
 
*** Notice at time        :         0.000000
    Generated by Unit     : Not applicable or not available
    Generated by Type     : Not applicable or not available
    Message               : "type203.dll" was found but did not contain any components from the input file.
 
*** Notice at time        :         0.000000
    Generated by Unit     : Not applicable or not available
    Generated by Type     : Not applicable or not available
    Message               : "Type221.dll" was found but did not contain any components from the input file.
 
*** Notice at time        :         0.000000
    Generated by Unit     : Not applicable or not available
    Generated by Type     : Not applicable or not available
    Message               : "Type250.dll" was found but did not contain any components from the input file.
 
*** Notice at time        :         0.000000
    Generated by Unit     : Not applicable or not available
    Generated by Type     : Not applicable or not available
    Message               : "Type251_Release.dll" was found but did not contain any components from the input file.
 
*** Notice at time        :         0.000000
    Generated by Unit     : Not applicable or not available
    Generated by Type     : Not applicable or not available
    Message               : "Type292v1.dll" was found but did not contain any components from the input file.
 
*** Notice at time        :         0.000000
    Generated by Unit     : Not applicable or not available
    Generated by Type     : Not applicable or not available
    Message               : "Type301.dll" was found but did not contain any components from the input file.
 
*** Notice at time        :         0.000000
    Generated by Unit     : Not applicable or not available
    Generated by Type     : Not applicable or not available
    Message               : "Type302.dll" was found but did not contain any components from the input file.
 
*** Notice at time        :         0.000000
    Generated by Unit     : Not applicable or not available
    Generated by Type     : Not applicable or not available
    Message               : "Type303.dll" was found but did not contain any components from the input file.
 
*** Notice at time        :         0.000000
    Generated by Unit     : Not applicable or not available
    Generated by Type     : Not applicable or not available
    Message               : "type320.dll" was found but did not contain any components from the input file.
 
*** Notice at time        :         0.000000
    Generated by Unit     : Not applicable or not available
    Generated by Type     : Not applicable or not available
    Message               : "type323.dll" was found but did not contain any components from the input file.
 
*** Notice at time        :         0.000000
    Generated by Unit     : Not applicable or not available
    Generated by Type     : Not applicable or not available
    Message               : "Type340.dll" was found but did not contain any components from the input file.
 
*** Notice at time        :         0.000000
    Generated by Unit     : Not applicable or not available
    Generated by Type     : Not applicable or not available
    Message               : "type342.dll" was found but did not contain any components from the input file.
 
*** Notice at time        :         0.000000
    Generated by Unit     : Not applicable or not available
    Generated by Type     : Not applicable or not available
    Message               : "Type343.dll" was found but did not contain any components from the input file.
 
*** Notice at time        :         0.000000
    Generated by Unit     : Not applicable or not available
    Generated by Type     : Not applicable or not available
    Message               : "type344.dll" was found but did not contain any components from the input file.
 
*** Notice at time        :         0.000000
    Generated by Unit     : Not applicable or not available
    Generated by Type     : Not applicable or not available
    Message               : "Type358.dll" was found but did not contain any components from the input file.
 
*** Notice at time        :         0.000000
    Generated by Unit     : Not applicable or not available
    Generated by Type     : Not applicable or not available
    Message               : "type360.dll" was found but did not contain any components from the input file.
 
*** Notice at time        :         0.000000
    Generated by Unit     : Not applicable or not available
    Generated by Type     : Not applicable or not available
    Message               : "type361.dll" was found but did not contain any components from the input file.
 
*** Notice at time        :         0.000000
    Generated by Unit     : Not applicable or not available
    Generated by Type     : Not applicable or not available
    Message               : "type362.dll" was found but did not contain any components from the input file.
 
*** Notice at time        :         0.000000
    Generated by Unit     : Not applicable or not available
    Generated by Type     : Not applicable or not available
    Message               : "Type362_MH01.dll" was found but did not contain any components from the input file.
 
*** Notice at time        :         0.000000
    Generated by Unit     : Not applicable or not available
    Generated by Type     : Not applicable or not available
    Message               : "type370.dll" was found but did not contain any components from the input file.
 
*** Notice at time        :         0.000000
    Generated by Unit     : Not applicable or not available
    Generated by Type     : Not applicable or not available
    Message               : "type371.dll" was found but did not contain any components from the input file.
 
*** Notice at time        :         0.000000
    Generated by Unit     : Not applicable or not available
    Generated by Type     : Not applicable or not available
    Message               : "type372.dll" was found but did not contain any components from the input file.
 
*** Notice at time        :         0.000000
    Generated by Unit     : Not applicable or not available
    Generated by Type     : Not applicable or not available
    Message               : "Type399.dll" was found but did not contain any components from the input file.
 
*** Notice at time        :         0.000000
    Generated by Unit     : Not applicable or not available
    Generated by Type     : Not applicable or not available
    Message               : "Type401.dll" was found but did not contain any components from the input file.
 
*** Notice at time        :         0.000000
    Generated by Unit     : Not applicable or not available
    Generated by Type     : Not applicable or not available
    Message               : "Type432.dll" was found but did not contain any components from the input file.
 
*** Notice at time        :         0.000000
    Generated by Unit     : Not applicable or not available
    Generated by Type     : Not applicable or not available
    Message               : "type451.dll" was found but did not contain any components from the input file.
 
*** Notice at time        :         0.000000
    Generated by Unit     : Not applicable or not available
    Generated by Type     : Not applicable or not available
    Message               : "Type56.dll" was found but did not contain any components from the input file.
 
*** Notice at time        :         0.000000
    Generated by Unit     : Not applicable or not available
    Generated by Type     : Not applicable or not available
    Message               : "Type6103.dll" was found but did not contain any components from the input file.
 
*** Notice at time        :         0.000000
    Generated by Unit     : Not applicable or not available
    Generated by Type     : Not applicable or not available
    Message               : "type708.dll" was found but did not contain any components from the input file.
 
*** Notice at time        :         0.000000
    Generated by Unit     : Not applicable or not available
    Generated by Type     : Not applicable or not available
    Message               : "Type7103.dll" was found but did not contain any components from the input file.
 
*** Notice at time        :         0.000000
    Generated by Unit     : Not applicable or not available
    Generated by Type     : Not applicable or not available
    Message               : "Type76Lib.dll" was found but did not contain any components from the input file.
 
*** Notice at time        :         0.000000
    Generated by Unit     : Not applicable or not available
    Generated by Type     : Not applicable or not available
    Message               : "type79-W.dll" was found but did not contain any components from the input file.
 
*** Notice at time        :         0.000000
    Generated by Unit     : Not applicable or not available
    Generated by Type     : Not applicable or not available
    Message               : "Type79Lib.dll" was found but did not contain any components from the input file.
 
*** Notice at time        :         0.000000
    Generated by Unit     : Not applicable or not available
    Generated by Type     : Not applicable or not available
    Message               : "Type805.dll" was found but did not contain any components from the input file.
 
*** Notice at time        :         0.000000
    Generated by Unit     : Not applicable or not available
    Generated by Type     : Not applicable or not available
    Message               : "Type8103.dll" was found but did not contain any components from the input file.
 
*** Notice at time        :         0.000000
    Generated by Unit     : Not applicable or not available
    Generated by Type     : Not applicable or not available
    Message               : "Type816.dll" was found but did not contain any components from the input file.
 
*** Notice at time        :         0.000000
    Generated by Unit     : Not applicable or not available
    Generated by Type     : Not applicable or not available
    Message               : "Type82Lib.dll" was found but did not contain any components from the input file.
 
*** Notice at time        :         0.000000
    Generated by Unit     : Not applicable or not available
    Generated by Type     : Not applicable or not available
    Message               : "Type8310.dll" was found but did not contain any components from the input file.
 
*** Notice at time        :         0.000000
    Generated by Unit     : Not applicable or not available
    Generated by Type     : Not applicable or not available
    Message               : The following Types were loaded from "Type832v501rel.dll": Type832
 
*** Notice at time        :         0.000000
    Generated by Unit     : Not applicable or not available
    Generated by Type     : Not applicable or not available
    Message               : The following Types were loaded from "Type835.dll": Type835
 
*** Notice at time        :         0.000000
    Generated by Unit     : Not applicable or not available
    Generated by Type     : Not applicable or not available
    Message               : "Type840.dll" was found but did not contain any components from the input file.
 
*** Notice at time        :         0.000000
    Generated by Unit     : Not applicable or not available
    Generated by Type     : Not applicable or not available
    Message               : "Type869v502rel.dll" was found but did not contain any components from the input file.
 
*** Notice at time        :         0.000000
    Generated by Unit     : Not applicable or not available
    Generated by Type     : Not applicable or not available
    Message               : "Type888.dll" was found but did not contain any components from the input file.
 
*** Notice at time        :         0.000000
    Generated by Unit     : Not applicable or not available
    Generated by Type     : Not applicable or not available
    Message               : "Type985.dll" was found but did not contain any components from the input file.
 
*** Notice at time        :         0.000000
    Generated by Unit     : Not applicable or not available
    Generated by Type     : Not applicable or not available
    TRNSYS Message    199 : TRNSYS found at least one user DLL in the UserLib directory. (Note: Only DLL's including Types that are used in the simulation are loaded)
    Reported information  : 2 user DLLs were loaded after searching in "C:\Trnsys17\UserLib\ReleaseDLLs"
 
*** Notice at time        :         0.000000
    Generated by Unit     :     2
    Generated by Type     :   832
    Message               : Type 832v5.00 Collector model with cond. gains
 
*** Warning at time       :         0.000000
    Generated by Unit     :     2
    Generated by Type     :   832
    Message               : Values below 1000 for Ceff = (PAR(4) may cause invalid floating point operations. Values above 20000 are abnormally high, and cause a high time constant for the collector. Please check value and data source.
