 TIME                    	Hours                    	Tout                     	Qdotout                  	Pel                      	Tm                       	Tcell                    	Eta_PV                   	Eta_PV_net               	
 HOURS              	NAV                 	øC                  	NAV                 	NAV                 	NAV                 	øC                  	                    	NAV                 	
  +0.0000000000000000E+00	  +0.0000000000000000E+00	  +0.0000000000000000E+00	  +0.0000000000000000E+00	  +1.7683298256397050-314	  +0.0000000000000000E+00	  +6.3659873728958169-314	  +6.3659873728958169-314	  +1.0854642001758020-317	
  +1.0000000000000000E+00	  +1.0000000000000000E+00	  +3.7876988479654372E+00	  +7.8567174566350207E+02	  +3.0349063340418337E+02	  +1.8938494239827186E+00	  +6.6439808971598771E+00	  +1.8348889564944579E-01	  +1.8629343404571844E-01	
  +2.0000000000000000E+00	  +2.0000000000000000E+00	  +1.3086958916553574E+01	  +6.4031922761307408E+02	  +2.9204119233933648E+02	  +1.1543479458276787E+01	  +1.5414816989190172E+01	  +1.7656662172874030E-01	  +1.7926535653983453E-01	
  +3.0000000000000000E+00	  +3.0000000000000000E+00	  +2.2386217465919543E+01	  +4.9496639443465415E+02	  +2.8059175475319381E+02	  +2.1193108732959772E+01	  +2.4185650416361550E+01	  +1.6964434991124172E-01	  +1.7223728116930406E-01	
  +4.0000000000000000E+00	  +4.0000000000000000E+00	  +3.1685476854206421E+01	  +3.4961373527124459E+02	  +2.6914231524609602E+02	  +3.0842738427103210E+01	  +3.2956485315079298E+01	  +1.6272207693234339E-01	  +1.6520920461962241E-01	
  +5.0000000000000000E+00	  +5.0000000000000000E+00	  +4.0984735489588850E+01	  +2.0426091993497761E+02	  +2.5769287746299352E+02	  +4.0492367744794421E+01	  +4.1727318893131653E+01	  +1.5579980499576387E-01	  +1.5818112912819093E-01	
  +6.0000000000000000E+00	  +6.0000000000000000E+00	  +3.0616549897306067E+00	  +6.3507050506222470E+02	  +2.4443253032176818E+02	  +1.5308274948653033E+00	  +5.3704315157977378E+00	  +1.8472833307267847E-01	  +1.8755181566621343E-01	
  +7.0000000000000000E+00	  +7.0000000000000000E+00	  +1.2360913540231705E+01	  +4.8971767211926141E+02	  +2.3526134777574796E+02	  +1.1180456770115853E+01	  +1.4141264944960239E+01	  +1.7779727008445281E-01	  +1.8051481475619507E-01	
  +8.0000000000000000E+00	  +8.0000000000000000E+00	  +2.1660173193980857E+01	  +3.4436506801994670E+02	  +2.2609016320619344E+02	  +2.0830086596990427E+01	  +2.2912100309323840E+01	  +1.7086620556695392E-01	  +1.7347781229352927E-01	
  +9.0000000000000000E+00	  +9.0000000000000000E+00	  +3.0959431547248720E+01	  +1.9901219416544666E+02	  +2.1691898102193073E+02	  +3.0479715773624360E+01	  +3.1682933392520653E+01	  +1.6393514285212418E-01	  +1.6644081166108557E-01	
  +1.0000000000000000E+01	  +1.0000000000000000E+01	  +4.0258690800803791E+01	  +5.3659507054996560E+01	  +2.0774779718639650E+02	  +4.0129345400401895E+01	  +4.0453768054906106E+01	  +1.5700407888935647E-01	  +1.5940380976162974E-01	
  +1.1000000000000000E+01	  +1.1000000000000000E+01	  +2.3356096145435630E+00	  +4.8446894980380580E+02	  +1.8402840237966345E+02	  +1.1678048072717815E+00	  +4.0968794735583938E+00	  +1.8543772912098291E-01	  +1.8827205448750511E-01	
  +1.2000000000000000E+01	  +1.2000000000000000E+01	  +1.1634869525342690E+01	  +3.3911639902364630E+02	  +1.7716101309799976E+02	  +1.0817434762671345E+01	  +1.2867715288811890E+01	  +1.7851774798266803E-01	  +1.8124630480807860E-01	
  +1.3000000000000000E+01	  +1.3000000000000000E+01	  +2.0934127604909737E+01	  +1.9376346839615374E+02	  +1.7029362633138828E+02	  +2.0467063802454867E+01	  +2.1638547891911660E+01	  +1.7159776937866614E-01	  +1.7422055770170078E-01	
  +1.4000000000000000E+01	  +1.4000000000000000E+01	  +3.0233386758019268E+01	  +4.8410760450567096E+01	  +1.6342623809035118E+02	  +3.0116693379009632E+01	  +3.0409382378106169E+01	  +1.6467778928894719E-01	  +1.6719480908689746E-01	
  +1.5000000000000000E+01	  +1.5000000000000000E+01	  +3.9532643441225417E+01	  -9.6942459820148841E+01	  +1.5655885324153081E+02	  +3.9766321720612709E+01	  +3.9180212531857272E+01	  +1.5775781261742322E-01	  +1.6016906394253461E-01	
  +1.6000000000000000E+01	  +1.6000000000000000E+01	  +1.6095655807261682E+00	  +3.3386767278192980E+02	  +1.2224254838821231E+02	  +8.0478279036308409E-01	  +2.8233297842078833E+00	  +1.8476805983708028E-01	  +1.8759214963462451E-01	
  +1.7000000000000000E+01	  +1.7000000000000000E+01	  +1.0908823662569079E+01	  +1.8851474262651334E+02	  +1.1770540859694155E+02	  +1.0454411831284538E+01	  +1.1594162391299733E+01	  +1.7791023064833972E-01	  +1.8062950186705434E-01	
  +1.8000000000000000E+01	  +1.8000000000000000E+01	  +2.0208083413708280E+01	  +4.3162158728543439E+01	  +1.1316826729096705E+02	  +2.0104041706854140E+01	  +2.0364997926494670E+01	  +1.7105239917014364E-01	  +1.7366685177503549E-01	
  +1.9000000000000000E+01	  +1.9000000000000000E+01	  +2.9507339465475045E+01	  -1.0219119251987252E+02	  +1.0863112934176827E+02	  +2.9753669732737521E+01	  +2.9135826972641556E+01	  +1.6419457276567148E-01	  +1.6670420683428994E-01	
  +2.0000000000000000E+01	  +2.0000000000000000E+01	  +3.8806598342641919E+01	  -2.4754395770347040E+02	  +1.0409398882882802E+02	  +3.9403299171320960E+01	  +3.7906660974806627E+01	  +1.5733674248613666E-01	  +1.5974155795925324E-01	
  +2.1000000000000000E+01	  +2.1000000000000000E+01	  +8.8351972023044845E-01	  +1.8326601685729364E+02	  +5.9195354418291778E+01	  +4.4175986011522422E-01	  +1.5497768906913645E+00	  +1.7894605325964866E-01	  +1.8168115652199315E-01	
  +2.2000000000000000E+01	  +2.2000000000000000E+01	  +1.0182779643966045E+01	  +3.7913468760509637E+01	  +5.7010043315100837E+01	  +1.0091389821983022E+01	  +1.0320612728636647E+01	  +1.7233991328627821E-01	  +1.7497404491687368E-01	
  +2.3000000000000000E+01	  +2.3000000000000000E+01	  +1.9482035489726531E+01	  -1.0743992521921075E+02	  +5.4824733994164674E+01	  +1.9741017744863264E+01	  +1.9091441413429099E+01	  +1.6573377870061873E-01	  +1.6826693878181373E-01	
  +2.4000000000000000E+01	  +2.4000000000000000E+01	  +2.8781294400301764E+01	  -2.5279268347300652E+02	  +5.2639423333769429E+01	  +2.9390647200150880E+01	  +2.7862275474195581E+01	  +1.5912764006580843E-01	  +1.6155982853571368E-01	
  +2.5000000000000000E+01	  +2.5000000000000000E+01	  +3.8080553890112519E+01	  -3.9814532157760306E+02	  +5.0454112420222756E+01	  +3.9040276945056263E+01	  +3.6633110550995788E+01	  +1.5252150066572778E-01	  +1.5485271751264651E-01	
  +2.6000000000000000E+01	  +2.6000000000000000E+01	  +1.5747546668438428E-01	  +3.2664694257716199E+01	  +0.0000000000000000E+00	  +7.8737733342192140E-02	  +2.7622681591605064E-01	  +0.0000000000000000E+00	  +0.0000000000000000E+00	
  +2.7000000000000000E+01	  +2.7000000000000000E+01	  +9.4567315139768517E+00	  -1.1268865791879070E+02	  +0.0000000000000000E+00	  +9.7283657569884259E+00	  +9.0470558542146016E+00	  +0.0000000000000000E+00	  +0.0000000000000000E+00	
  +2.8000000000000000E+01	  +2.8000000000000000E+01	  +1.8755990457962454E+01	  -2.5804140924236725E+02	  +0.0000000000000000E+00	  +1.9377995228981227E+01	  +1.7817889973586020E+01	  +0.0000000000000000E+00	  +0.0000000000000000E+00	
  +2.9000000000000000E+01	  +2.9000000000000000E+01	  +2.8055249964424245E+01	  -4.0339404389308601E+02	  +0.0000000000000000E+00	  +2.9027624982212124E+01	  +2.6588725079593708E+01	  +0.0000000000000000E+00	  +0.0000000000000000E+00	
  +3.0000000000000000E+01	  +3.0000000000000000E+01	  +3.7354508652248590E+01	  -5.4874684835147355E+02	  +0.0000000000000000E+00	  +3.8677254326124299E+01	  +3.5359558749634132E+01	  +0.0000000000000000E+00	  +0.0000000000000000E+00	
  +3.1000000000000000E+01	  +3.1000000000000000E+01	  +3.7395377852838423E+00	  +7.7568183154707674E+02	  +3.0360091226857327E+02	  +1.8697688926419211E+00	  +6.5595018524186841E+00	  +1.8355556969079398E-01	  +1.8636112716731304E-01	
  +3.2000000000000000E+01	  +3.2000000000000000E+01	  +1.2913589281773243E+01	  +6.0435765065822386E+02	  +2.9243817291614943E+02	  +1.1456794640886621E+01	  +1.5110710303874672E+01	  +1.7680663416937689E-01	  +1.7950903745372107E-01	
  +3.3000000000000000E+01	  +3.3000000000000000E+01	  +2.2087639339954254E+01	  +4.3303317142509712E+02	  +2.8127543685715403E+02	  +2.1043819669977125E+01	  +2.3661916232402138E+01	  +1.7005770063914996E-01	  +1.7265694976175358E-01	
  +3.4000000000000000E+01	  +3.4000000000000000E+01	  +3.1261690372366477E+01	  +2.6170889427401733E+02	  +2.7011269856737078E+02	  +3.0630845186183237E+01	  +3.2213123869823001E+01	  +1.6330876576019998E-01	  +1.6580486070044850E-01	
  +3.5000000000000000E+01	  +3.5000000000000000E+01	  +4.0435740639377322E+01	  +9.0384458357877051E+01	  +2.5894996203019826E+02	  +4.0217870319688657E+01	  +4.0764330164657686E+01	  +1.5655983194086959E-01	  +1.5895277271495875E-01	
  +3.6000000000000000E+01	  +3.6000000000000000E+01	  +3.0229162784905039E+00	  +6.2703504287094881E+02	  +2.4450358334744936E+02	  +1.5114581392452520E+00	  +5.3024801638580019E+00	  +1.8478203094577492E-01	  +1.8760633428514495E-01	
  +3.7000000000000000E+01	  +3.7000000000000000E+01	  +1.2196966336671290E+01	  +4.5571056363777529E+02	  +2.3556205331013567E+02	  +1.1098483168335644E+01	  +1.3853686092385072E+01	  +1.7802452638311339E-01	  +1.8074554455668870E-01	
  +3.8000000000000000E+01	  +3.8000000000000000E+01	  +2.1371017453500823E+01	  +2.8438630399714134E+02	  +2.2662052133108995E+02	  +2.0685508726750413E+01	  +2.2404893877881861E+01	  +1.7126702035300023E-01	  +1.7388475333835146E-01	
  +3.9000000000000000E+01	  +3.9000000000000000E+01	  +3.0545067718872644E+01	  +1.1306186774102304E+02	  +2.1767899091375449E+02	  +3.0272533859436322E+01	  +3.0956100169841541E+01	  +1.6450951550313972E-01	  +1.6702396331830643E-01	
  +4.0000000000000000E+01	  +4.0000000000000000E+01	  +3.9719114984765767E+01	  -5.8263190688546793E+01	  +2.0873746599794541E+02	  +3.9859557492382883E+01	  +3.9507301200432785E+01	  +1.5775201481102280E-01	  +1.6016317751955411E-01	
  +4.1000000000000000E+01	  +4.1000000000000000E+01	  +2.3062933333882838E+00	  +4.7838795585044483E+02	  +1.8406866596978045E+02	  +1.1531466666941419E+00	  +4.0454559523679317E+00	  +1.8547830105781990E-01	  +1.8831324654663481E-01	
  +4.2000000000000000E+01	  +4.2000000000000000E+01	  +1.1480344534636165E+01	  +3.0706371372047198E+02	  +1.7737324093330002E+02	  +1.0740172267318083E+01	  +1.2596663885942460E+01	  +1.7873160110167274E-01	  +1.8146342656784359E-01	
  +4.3000000000000000E+01	  +4.3000000000000000E+01	  +2.0654394969483548E+01	  +1.3573931261819379E+02	  +1.7067781694941002E+02	  +2.0327197484741774E+01	  +2.1147870475178255E+01	  +1.7198490220617693E-01	  +1.7461360766591530E-01	
  +4.4000000000000000E+01	  +4.4000000000000000E+01	  +2.9828441503750419E+01	  -3.5585897570556718E+01	  +1.6398239832265836E+02	  +2.9914220751875209E+01	  +2.9699070222428070E+01	  +1.6523820870884556E-01	  +1.6776379424465970E-01	
  +4.5000000000000000E+01	  +4.5000000000000000E+01	  +3.9002492795877934E+01	  -2.0691012084962199E+02	  +1.5728697316136194E+02	  +3.9501246397938971E+01	  +3.8250278315414050E+01	  +1.5849150862692660E-01	  +1.6091397413817424E-01	
  +4.6000000000000000E+01	  +4.6000000000000000E+01	  +1.5896717822836723E+00	  +3.2974115798295384E+02	  +1.2226059983371289E+02	  +7.9483589114183617E-01	  +2.7884341860810973E+00	  +1.8479534436776432E-01	  +1.8761985119607028E-01	
  +4.7000000000000000E+01	  +4.7000000000000000E+01	  +1.0763722380697034E+01	  +1.5841679080870793E+02	  +1.1783707213466876E+02	  +1.0381861190348516E+01	  +1.1339641062227040E+01	  +1.7810923841394913E-01	  +1.8083155136942816E-01	
  +4.8000000000000000E+01	  +4.8000000000000000E+01	  +1.9937768997134288E+01	  -1.2908402335670681E+01	  +1.1341354804883230E+02	  +1.9968884498567142E+01	  +1.9890840953611455E+01	  +1.7142313792145147E-01	  +1.7404325708757715E-01	
  +4.9000000000000000E+01	  +4.9000000000000000E+01	  +2.9111819877012259E+01	  -1.8423271112650247E+02	  +1.0899002009438988E+02	  +2.9555909938506129E+01	  +2.8442048323472861E+01	  +1.6473703158160499E-01	  +1.6725495686900343E-01	
  +5.0000000000000000E+01	  +5.0000000000000000E+01	  +3.8285869952950819E+01	  -3.5555718667623080E+02	  +1.0456649286943448E+02	  +3.9142934976475409E+01	  +3.6993254283148744E+01	  +1.5805092634436893E-01	  +1.6046665776989297E-01	
  +5.1000000000000000E+01	  +5.1000000000000000E+01	  +8.7304828809511781E-01	  +1.8109395706701187E+02	  +5.9199930895517873E+01	  +4.3652414404755890E-01	  +1.5314090114418264E+00	  +1.7895988783409272E-01	  +1.8169520255116897E-01	
  +5.2000000000000000E+01	  +5.2000000000000000E+01	  +1.0047099989300410E+01	  +9.7698186418021482E+00	  +5.7069341302386178E+01	  +1.0023549994650205E+01	  +1.0082617821988791E+01	  +1.7251916959608882E-01	  +1.7515604107206689E-01	
  +5.3000000000000000E+01	  +5.3000000000000000E+01	  +1.9221145586996261E+01	  -1.6155558581724748E+02	  +5.4938754376757061E+01	  +1.9610572793498129E+01	  +1.8633815926404733E+01	  +1.6607845942187743E-01	  +1.6861688778000850E-01	
  +5.4000000000000000E+01	  +5.4000000000000000E+01	  +2.8395196210461211E+01	  -3.3287994779511274E+02	  +5.2808165254645395E+01	  +2.9197598105230604E+01	  +2.7185022846493524E+01	  +1.5963774260775512E-01	  +1.6207772774655133E-01	
  +5.5000000000000000E+01	  +5.5000000000000000E+01	  +3.7569247675909807E+01	  -5.0420413512267260E+02	  +5.0677575764549772E+01	  +3.8784623837954904E+01	  +3.5736231243501017E+01	  +1.5319702468122665E-01	  +1.5553856658368545E-01	
  +5.6000000000000000E+01	  +5.6000000000000000E+01	  +1.5642632552400459E-01	  +3.2447073850178853E+01	  +0.0000000000000000E+00	  +7.8213162762002297E-02	  +2.7438652340395425E-01	  +0.0000000000000000E+00	  +0.0000000000000000E+00	
  +5.7000000000000000E+01	  +5.7000000000000000E+01	  +9.3304730013961930E+00	  -1.3887810696577804E+02	  +0.0000000000000000E+00	  +9.6652365006980965E+00	  +8.8255865190428491E+00	  +0.0000000000000000E+00	  +0.0000000000000000E+00	
  +5.8000000000000000E+01	  +5.8000000000000000E+01	  +1.8504523459696660E+01	  -3.1020250320324863E+02	  +0.0000000000000000E+00	  +1.9252261729848328E+01	  +1.7376793149417562E+01	  +0.0000000000000000E+00	  +0.0000000000000000E+00	
  +5.9000000000000000E+01	  +5.9000000000000000E+01	  +2.7678574672626308E+01	  -4.8152674291010544E+02	  +0.0000000000000000E+00	  +2.8839287336313156E+01	  +2.5928001103483012E+01	  +0.0000000000000000E+00	  +0.0000000000000000E+00	
  +6.0000000000000000E+01	  +6.0000000000000000E+01	  +3.6852624566591068E+01	  -6.5285125620614849E+02	  +0.0000000000000000E+00	  +3.8426312283295530E+01	  +3.4479206743959686E+01	  +0.0000000000000000E+00	  +0.0000000000000000E+00	
  +6.1000000000000000E+01	  +6.1000000000000000E+01	  +3.6919079026595800E+00	  +7.6580209861972094E+02	  +3.0370997484058404E+02	  +1.8459539513297900E+00	  +6.4759545475796134E+00	  +1.8362150836794680E-01	  +1.8642807368502873E-01	
  +6.2000000000000000E+01	  +6.2000000000000000E+01	  +1.2742436064502119E+01	  +5.6885581896916040E+02	  +2.9283007835565593E+02	  +1.1371218032251059E+01	  +1.4810491423842114E+01	  +1.7704357820777264E-01	  +1.7974960306633300E-01	
  +6.3000000000000000E+01	  +6.3000000000000000E+01	  +2.1792962602368995E+01	  +3.7190920246188426E+02	  +2.8195018558929598E+02	  +2.0896481301184497E+01	  +2.3145025451498185E+01	  +1.7046565029582583E-01	  +1.7307113473022775E-01	
  +6.4000000000000000E+01	  +6.4000000000000000E+01	  +3.0843491017997813E+01	  +1.7496297545349984E+02	  +2.7107028852324987E+02	  +3.0421745508998907E+01	  +3.1479562772925750E+01	  +1.6388771978431066E-01	  +1.6639266375482092E-01	
  +6.5000000000000000E+01	  +6.5000000000000000E+01	  +3.9894013490386499E+01	  -2.1984484344511692E+01	  +2.6019040506599339E+02	  +3.9947006745193249E+01	  +3.9814089669349769E+01	  +1.5730979750060059E-01	  +1.5971420113297724E-01	
  +6.6000000000000000E+01	  +6.6000000000000000E+01	  +2.9846045229172913E+00	  +6.1908814289583393E+02	  +2.4457385326778220E+02	  +1.4923022614586456E+00	  +5.2352777324129018E+00	  +1.8483513699197565E-01	  +1.8766025203139500E-01	
  +6.7000000000000000E+01	  +6.7000000000000000E+01	  +1.2035131060785416E+01	  +4.2214152638881671E+02	  +2.3585888522956583E+02	  +1.1017565530392709E+01	  +1.3569811760071165E+01	  +1.7824885522186051E-01	  +1.8097330215246993E-01	
  +6.8000000000000000E+01	  +6.8000000000000000E+01	  +2.1085658557955828E+01	  +2.2519510886718174E+02	  +2.2714391543183481E+02	  +2.0542829278977912E+01	  +2.1904347470436086E+01	  +1.7166257212200334E-01	  +1.7428635092347836E-01	
  +6.9000000000000000E+01	  +6.9000000000000000E+01	  +3.0136185959604180E+01	  +2.8248671531673970E+01	  +2.1842894580930658E+02	  +3.0068092979802088E+01	  +3.0238883013246308E+01	  +1.6507628915455455E-01	  +1.6759939982891900E-01	
  +7.0000000000000000E+01	  +7.0000000000000000E+01	  +3.9186708317909414E+01	  -1.6869881193034792E+02	  +2.0971398543708068E+02	  +3.9593354158954710E+01	  +3.8573409709557204E+01	  +1.5849001317796302E-01	  +1.6091245583206873E-01	
  +7.1000000000000000E+01	  +7.1000000000000000E+01	  +2.2772995192013132E+00	  +4.7237385031564060E+02	  +1.8410848667705807E+02	  +1.1386497596006566E+00	  +3.9945980686432239E+00	  +1.8551842672013105E-01	  +1.8835398551015001E-01	
  +7.2000000000000000E+01	  +7.2000000000000000E+01	  +1.1327827230355700E+01	  +2.7542747718010116E+02	  +1.7758271137031664E+02	  +1.0663913615177851E+01	  +1.2329134154356213E+01	  +1.7894267570567979E-01	  +1.8167772734436261E-01	
  +7.3000000000000000E+01	  +7.3000000000000000E+01	  +2.0378354949892078E+01	  +7.8481105783214602E+01	  +1.7105693605206321E+02	  +2.0189177474946039E+01	  +2.0663670254772004E+01	  +1.7236692467962836E-01	  +1.7500146916679774E-01	
  +7.4000000000000000E+01	  +7.4000000000000000E+01	  +2.9428877614419129E+01	  -1.1846631416007476E+02	  +1.6453116767646463E+02	  +2.9714438807209564E+01	  +2.8998197488224832E+01	  +1.6579118064940007E-01	  +1.6832521809198375E-01	
  +7.5000000000000000E+01	  +7.5000000000000000E+01	  +3.8479404327053750E+01	  -3.1541289441576788E+02	  +1.5800539374111102E+02	  +3.9239702163526871E+01	  +3.7332731822440003E+01	  +1.5921543101683897E-01	  +1.6164896132920803E-01	
  +7.6000000000000000E+01	  +7.6000000000000000E+01	  +1.5699960894351974E+00	  +3.2565988421545143E+02	  +1.2227845337224983E+02	  +7.8499804471759871E-01	  +2.7539211657300018E+00	  +1.8482232976458557E-01	  +1.8764724905153787E-01	
  +7.7000000000000000E+01	  +7.7000000000000000E+01	  +1.0620522703079708E+01	  +1.2871328342651742E+02	  +1.1796701017458986E+02	  +1.0310261351539854E+01	  +1.1088455326307191E+01	  +1.7830563811153241E-01	  +1.8103095294072638E-01	
  +7.8000000000000000E+01	  +7.8000000000000000E+01	  +1.9671045543762030E+01	  -6.8234099977378150E+01	  +1.1365557040048030E+02	  +1.9835522771881017E+01	  +1.9422982868752975E+01	  +1.7178895163313224E-01	  +1.7441466208365994E-01	
  +7.9000000000000000E+01	  +7.9000000000000000E+01	  +2.8721572999452508E+01	  -2.6518052610307944E+02	  +1.0934412643875575E+02	  +2.9360786499726252E+01	  +2.7757518506358178E+01	  +1.6527225882520519E-01	  +1.6779836480032290E-01	
  +8.0000000000000000E+01	  +8.0000000000000000E+01	  +3.7772100666953435E+01	  -4.6212690829353369E+02	  +1.0503268228483640E+02	  +3.8886050333476717E+01	  +3.6092054515498887E+01	  +1.5875556572677810E-01	  +1.6118206722204564E-01	
  +8.1000000000000000E+01	  +8.1000000000000000E+01	  +8.6269085316320693E-01	  +1.7894554339681696E+02	  +5.9204457550943211E+01	  +4.3134542658160346E-01	  +1.5132410940351522E+00	  +1.7897357179849821E-01	  +1.8170909566830518E-01	
  +8.2000000000000000E+01	  +8.2000000000000000E+01	  +9.9132136392570835E+00	  -1.8001851330206861E+01	  +5.7127855536536607E+01	  +9.9566068196285418E+00	  +9.8477685407276532E+00	  +1.7269605664007437E-01	  +1.7533563174836098E-01	
  +8.3000000000000000E+01	  +8.3000000000000000E+01	  +1.8963741671852766E+01	  -2.1494815779008013E+02	  +5.5051251229177538E+01	  +1.9481870835926383E+01	  +1.8182305190278981E+01	  +1.6641853455011346E-01	  +1.6896216079093451E-01	
  +8.4000000000000000E+01	  +8.4000000000000000E+01	  +2.8014269125369243E+01	  -4.1189458436672845E+02	  +5.2974647174901584E+01	  +2.9007134562684620E+01	  +2.6516840824070783E+01	  +1.6014101322521640E-01	  +1.6258869061026551E-01	
  +8.5000000000000000E+01	  +8.5000000000000000E+01	  +3.7064795663236836E+01	  -6.0884120087385577E+02	  +5.0898043520804549E+01	  +3.8532397831618418E+01	  +3.4851374851728117E+01	  +1.5386349311005001E-01	  +1.5621522165781740E-01	
  +8.6000000000000000E+01	  +8.6000000000000000E+01	  +1.5538658818129050E-01	  +3.2231404050157536E+01	  +0.0000000000000000E+00	  +7.7693294090645251E-02	  +2.7256272607466903E-01	  +0.0000000000000000E+00	  +0.0000000000000000E+00	
  +8.7000000000000000E+01	  +8.7000000000000000E+01	  +9.2059087450736747E+00	  -1.6471612119036661E+02	  +0.0000000000000000E+00	  +9.6029543725368374E+00	  +8.6070890690884294E+00	  +0.0000000000000000E+00	  +0.0000000000000000E+00	
  +8.8000000000000000E+01	  +8.8000000000000000E+01	  +1.8256437001133687E+01	  -3.6166238129766094E+02	  +0.0000000000000000E+00	  +1.9128218500566845E+01	  +1.6941626110617264E+01	  +0.0000000000000000E+00	  +0.0000000000000000E+00	
  +8.9000000000000000E+01	  +8.9000000000000000E+01	  +2.7306964121652616E+01	  -5.5860887694705639E+02	  +0.0000000000000000E+00	  +2.8653482060826306E+01	  +2.5276161160299967E+01	  +0.0000000000000000E+00	  +0.0000000000000000E+00	
  +9.0000000000000000E+01	  +9.0000000000000000E+01	  +3.6357492261763561E+01	  -7.5555516110534029E+02	  +0.0000000000000000E+00	  +3.8178746130881777E+01	  +3.3610697998443200E+01	  +0.0000000000000000E+00	  +0.0000000000000000E+00	
  +9.1000000000000000E+01	  +9.1000000000000000E+01	  +4.4883399640672019E+00	  +9.3100376673138203E+02	  +3.0188631027827182E+02	  +2.2441699820336010E+00	  +7.8729714737590069E+00	  +1.8251893003523084E-01	  +1.8530864297954083E-01	
  +9.2000000000000000E+01	  +9.2000000000000000E+01	  +1.3787598881723248E+01	  +7.8565100994633951E+02	  +2.9043687184882111E+02	  +1.1893799440861624E+01	  +1.6643805546945902E+01	  +1.7559665770787250E-01	  +1.7828056709135762E-01	
  +9.3000000000000000E+01	  +9.3000000000000000E+01	  +2.3086858950274110E+01	  +6.4029849188817968E+02	  +2.7898743078405960E+02	  +2.1543429475137053E+01	  +2.5414641638910812E+01	  +1.6867438378721861E-01	  +1.7125248958552614E-01	
  +9.4000000000000000E+01	  +9.4000000000000000E+01	  +3.2386117499644563E+01	  +4.9494565871068983E+02	  +2.6753799319790670E+02	  +3.1193058749822281E+01	  +3.4185475066090056E+01	  +1.6175211196971384E-01	  +1.6422441421498937E-01	
  +9.5000000000000000E+01	  +9.5000000000000000E+01	  +4.1685376887889923E+01	  +3.4959299953866849E+02	  +2.5608855369090389E+02	  +4.0842688443944965E+01	  +4.2956309964734977E+01	  +1.5482983899087296E-01	  +1.5719633766536603E-01	
  +9.6000000000000000E+01	  +9.6000000000000000E+01	  +3.7622949643345751E+00	  +7.8040228935241942E+02	  +2.4314744394395117E+02	  +1.8811474821672876E+00	  +6.5994200901021092E+00	  +1.8375713720068859E-01	  +1.8656577553837031E-01	
  +9.7000000000000000E+01	  +9.7000000000000000E+01	  +1.3061555023451145E+01	  +6.3504976933733110E+02	  +2.3397625863088763E+02	  +1.1530777511725573E+01	  +1.5370256165518384E+01	  +1.7682607212128751E-01	  +1.7952877250521390E-01	
  +9.8000000000000000E+01	  +9.8000000000000000E+01	  +2.2360813573956740E+01	  +4.8969693639530038E+02	  +2.2480507608485919E+02	  +2.1180406786978370E+01	  +2.4141089594688772E+01	  +1.6989500913305561E-01	  +1.7249177159518922E-01	
  +9.9000000000000000E+01	  +9.9000000000000000E+01	  +3.1660073227647693E+01	  +3.4434433228391367E+02	  +2.1563389151541142E+02	  +3.0830036613823847E+01	  +3.2911924958950287E+01	  +1.6296394461563737E-01	  +1.6545476913260534E-01	
  +1.0000000000000000E+02	  +1.0000000000000000E+02	  +4.0959331580907943E+01	  +1.9899145842783443E+02	  +2.0646270933116267E+02	  +4.0479665790453971E+01	  +4.1682758042133742E+01	  +1.5603288190081821E-01	  +1.5841776850017233E-01	
  +1.0100000000000000E+02	  +1.0100000000000000E+02	  +3.0362510966272160E+00	  +6.2980104678628220E+02	  +1.8306612679961441E+02	  +1.5181255483136080E+00	  +5.3258706921242620E+00	  +1.8446808423983718E-01	  +1.8728758905664611E-01	
  +1.0200000000000000E+02	  +1.0200000000000000E+02	  +1.2335509648268591E+01	  +4.8444821407984318E+02	  +1.7619873938464625E+02	  +1.1167754824134295E+01	  +1.4096704123286914E+01	  +1.7754810498251333E-01	  +1.8026184128696066E-01	
  +1.0300000000000000E+02	  +1.0300000000000000E+02	  +2.1634769558992936E+01	  +3.3909566328417179E+02	  +1.6933135010308521E+02	  +2.0817384779496468E+01	  +2.2867539938409237E+01	  +1.7062812384430190E-01	  +1.7323609160763920E-01	
  +1.0400000000000000E+02	  +1.0400000000000000E+02	  +3.0934027638568978E+01	  +1.9374273265854515E+02	  +1.6246396333646138E+02	  +3.0467013819284489E+01	  +3.1638372541524785E+01	  +1.6370814524028754E-01	  +1.6621034450124875E-01	
  +1.0500000000000000E+02	  +1.0500000000000000E+02	  +4.0233286791281685E+01	  +4.8390024630646444E+01	  +1.5559657509596931E+02	  +4.0116643395640843E+01	  +4.0409207027023228E+01	  +1.5678816515111779E-01	  +1.5918459588700304E-01	
  +1.0600000000000000E+02	  +1.0600000000000000E+02	  +2.3102057225786710E+00	  +4.7919949176401872E+02	  +1.2160679411671430E+02	  +1.1551028612893355E+00	  +4.0523186518819516E+00	  +1.8380712532756091E-01	  +1.8661652770918036E-01	
  +1.0700000000000000E+02	  +1.0700000000000000E+02	  +1.1609465614376413E+01	  +3.3384693704245518E+02	  +1.1706965268310755E+02	  +1.0804732807188206E+01	  +1.2823154433805225E+01	  +1.7694929365645035E-01	  +1.7965387742129837E-01	
  +1.0800000000000000E+02	  +1.0800000000000000E+02	  +2.0908723696228332E+01	  +1.8849400688890736E+02	  +1.1253251289182860E+02	  +2.0454361848114168E+01	  +2.1593987040912882E+01	  +1.7009146446769741E-01	  +1.7269122965371567E-01	
  +1.0900000000000000E+02	  +1.0900000000000000E+02	  +3.0207983446635140E+01	  +4.3141422839019050E+01	  +1.0799537158651864E+02	  +3.0103991723317570E+01	  +3.0364822574823126E+01	  +1.6323363299050581E-01	  +1.6572857956271661E-01	
  +1.1000000000000000E+02	  +1.1000000000000000E+02	  +3.9507239499002281E+01	  -1.0221192828486244E+02	  +1.0345823363677509E+02	  +3.9753619749501141E+01	  +3.9135651622023133E+01	  +1.5637580658521022E-01	  +1.5876593462113506E-01	
  +1.1100000000000000E+02	  +1.1100000000000000E+02	  +1.5885091342404090E+00	  +3.2949999316114298E+02	  +5.8887242981751804E+01	  +7.9425456712020448E-01	  +2.7863947917945873E+00	  +1.7801464021085794E-01	  +1.8073550727842785E-01	
  +1.1200000000000000E+02	  +1.1200000000000000E+02	  +1.0883419753889688E+01	  +1.8324528111968482E+02	  +5.6703832716081756E+01	  +1.0441709876944845E+01	  +1.1549601540304486E+01	  +1.7141424642104519E-01	  +1.7403422968448298E-01	
  +1.1300000000000000E+02	  +1.1300000000000000E+02	  +2.0182679676697145E+01	  +3.7892732830379344E+01	  +5.4518521613296429E+01	  +2.0091339838348574E+01	  +2.0320437376621726E+01	  +1.6480810644890093E-01	  +1.6732711808060841E-01	
  +1.1400000000000000E+02	  +1.1400000000000000E+02	  +2.9481935523253782E+01	  -1.0746066098419774E+02	  +5.2333212292012327E+01	  +2.9740967761626891E+01	  +2.9091266062810700E+01	  +1.5820197186218962E-01	  +1.6062001194448058E-01	
  +1.1500000000000000E+02	  +1.1500000000000000E+02	  +3.8781194433960991E+01	  -2.5281341921061804E+02	  +5.0147901631559400E+01	  +3.9390597216980495E+01	  +3.7862100123808681E+01	  +1.5159583322720496E-01	  +1.5391290169820349E-01	
  +1.1600000000000000E+02	  +1.1600000000000000E+02	  +9.0515181140528067E-01	  +1.8775310084096665E+02	  +0.0000000000000000E+00	  +4.5257590570264034E-01	  +1.5877216181631399E+00	  +0.0000000000000000E+00	  +0.0000000000000000E+00	
  +1.1700000000000000E+02	  +1.1700000000000000E+02	  +1.0157375499415462E+01	  +3.2643958327581295E+01	  +0.0000000000000000E+00	  +1.0078687749707731E+01	  +1.0276051463901089E+01	  +0.0000000000000000E+00	  +0.0000000000000000E+00	
  +1.1800000000000000E+02	  +1.1800000000000000E+02	  +1.9456631547504099E+01	  -1.1270939368377842E+02	  +0.0000000000000000E+00	  +1.9728315773752051E+01	  +1.9046880503596196E+01	  +0.0000000000000000E+00	  +0.0000000000000000E+00	
  +1.1900000000000000E+02	  +1.1900000000000000E+02	  +2.8755890491621688E+01	  -2.5806214497997729E+02	  +0.0000000000000000E+00	  +2.9377945245810842E+01	  +2.7817714623199130E+01	  +0.0000000000000000E+00	  +0.0000000000000000E+00	
  +1.2000000000000000E+02	  +1.2000000000000000E+02	  +3.8055149998149261E+01	  -4.0341477961705112E+02	  +0.0000000000000000E+00	  +3.9027574999074631E+01	  +3.6588549729322203E+01	  +0.0000000000000000E+00	  +0.0000000000000000E+00	
  +1.2100000000000000E+02	  +1.2100000000000000E+02	  +4.5653881093599145E+00	  +9.4698564735126740E+02	  +3.0170988597421518E+02	  +2.2826940546799572E+00	  +8.0081211849778242E+00	  +1.8241226479698622E-01	  +1.8520034741508407E-01	
  +1.2200000000000000E+02	  +1.2200000000000000E+02	  +1.3739438485220285E+01	  +7.7566123401347897E+02	  +2.9054714918779990E+02	  +1.1869719242610142E+01	  +1.6559327670744839E+01	  +1.7566333082696484E-01	  +1.7834825927660017E-01	
  +1.2300000000000000E+02	  +1.2300000000000000E+02	  +2.2913489981671489E+01	  +6.0433705311670315E+02	  +2.7938440983546343E+02	  +2.1456744990835745E+01	  +2.5110536122133830E+01	  +1.6891439530560062E-01	  +1.7149616956306185E-01	
  +1.2400000000000000E+02	  +1.2400000000000000E+02	  +3.2087540039852506E+01	  +4.3301257388357743E+02	  +2.6822167377646809E+02	  +3.1043770019926253E+01	  +3.3661742050661303E+01	  +1.6216546177537366E-01	  +1.6464408187109439E-01	
  +1.2500000000000000E+02	  +1.2500000000000000E+02	  +4.1261591072188054E+01	  +2.6168829671659319E+02	  +2.5705893548686038E+02	  +4.0630795536094027E+01	  +4.2212949687947670E+01	  +1.5541652689652985E-01	  +1.5779199280989709E-01	
  +1.2600000000000000E+02	  +1.2600000000000000E+02	  +3.8487654398865181E+00	  +7.9833861750367703E+02	  +2.4298884318715309E+02	  +1.9243827199432590E+00	  +6.7510974569666997E+00	  +1.8363727568557520E-01	  +1.8644408199838050E-01	
  +1.2700000000000000E+02	  +1.2700000000000000E+02	  +1.3022816978388748E+01	  +6.2701444532942764E+02	  +2.3404731043469184E+02	  +1.1511408489194373E+01	  +1.5302305982117153E+01	  +1.7687976907095815E-01	  +1.7958329018660554E-01	
  +1.2800000000000000E+02	  +1.2800000000000000E+02	  +2.2196867036569543E+01	  +4.5568996609625589E+02	  +2.2510578039737808E+02	  +2.1098433518284772E+01	  +2.3853511910644240E+01	  +1.7012226450829662E-01	  +1.7272250045814921E-01	
  +1.2900000000000000E+02	  +1.2900000000000000E+02	  +3.1370918153322393E+01	  +2.8436570643971567E+02	  +2.1616424841847299E+02	  +3.0685459076661196E+01	  +3.2404719696006516E+01	  +1.6336475847828974E-01	  +1.6586170923991989E-01	
  +1.3000000000000000E+02	  +1.3000000000000000E+02	  +4.0544968418540314E+01	  +1.1304127015167437E+02	  +2.0722271800141985E+02	  +4.0272484209270161E+01	  +4.0955925987696247E+01	  +1.5660725362864256E-01	  +1.5900091922009149E-01	
  +1.3100000000000000E+02	  +1.3100000000000000E+02	  +3.1321441385251405E+00	  +6.4969187143972442E+02	  +1.8293442530195173E+02	  +1.5660720692625703E+00	  +5.4940761287530435E+00	  +1.8433537414545723E-01	  +1.8715285055311404E-01	
  +1.3200000000000000E+02	  +1.3200000000000000E+02	  +1.2306194033286530E+01	  +4.7836735830892405E+02	  +1.7623900205982707E+02	  +1.1153097016643265E+01	  +1.4045281770627087E+01	  +1.7758867599740738E-01	  +1.8030303241005602E-01	
  +1.3300000000000000E+02	  +1.3300000000000000E+02	  +2.1480245234457730E+01	  +3.0704311616304523E+02	  +1.6954357702345197E+02	  +2.0740122617228863E+01	  +2.2596489704067103E+01	  +1.7084197604136636E-01	  +1.7345321243137254E-01	
  +1.3400000000000000E+02	  +1.3400000000000000E+02	  +3.0654295669151196E+01	  +1.3571871502884073E+02	  +1.6284815303977334E+02	  +3.0327147834575598E+01	  +3.1147696293032919E+01	  +1.6409527714608355E-01	  +1.6660339352966047E-01	
  +1.3500000000000000E+02	  +1.3500000000000000E+02	  +3.9828342202488585E+01	  -3.5606495352709715E+01	  +1.5615273441429824E+02	  +3.9914171101244293E+01	  +3.9698896038652336E+01	  +1.5734858365003851E-01	  +1.5975358010971086E-01	
  +1.3600000000000000E+02	  +1.3600000000000000E+02	  +2.4155210300012477E+00	  +5.0104475052112122E+02	  +1.2151123199780544E+02	  +1.2077605150006239E+00	  +4.2370516306059516E+00	  +1.8366268439813396E-01	  +1.8646987907050158E-01	
  +1.3700000000000000E+02	  +1.3700000000000000E+02	  +1.1589572482094843E+01	  +3.2972056042337107E+02	  +1.1708770352413993E+02	  +1.0794786241047422E+01	  +1.2788260004187514E+01	  +1.7697657727348839E-01	  +1.7968157805513355E-01	
  +1.3800000000000000E+02	  +1.3800000000000000E+02	  +2.0763623080343791E+01	  +1.5839619321502136E+02	  +1.1266417582524500E+02	  +2.0381811540171896E+01	  +2.1339466880045059E+01	  +1.7029047131989872E-01	  +1.7289327822872036E-01	
  +1.3900000000000000E+02	  +1.3900000000000000E+02	  +2.9937669694626912E+01	  -1.2929000376183026E+01	  +1.0824065174136321E+02	  +2.9968834847313456E+01	  +2.9890666767650924E+01	  +1.6360437083035551E-01	  +1.6610498394986897E-01	
  +1.4000000000000000E+02	  +1.4000000000000000E+02	  +3.9111720576833839E+01	  -1.8425330868392587E+02	  +1.0381712378480749E+02	  +3.9555860288416923E+01	  +3.8441874141597538E+01	  +1.5691826448731483E-01	  +1.5931668372805222E-01	
  +1.4100000000000000E+02	  +1.4100000000000000E+02	  +1.7015209408052485E+00	  +3.5294171514283562E+02	  +5.8837851842857091E+01	  +8.5076047040262426E-01	  +2.9846281556676519E+00	  +1.7786533205216776E-01	  +1.8058391701725768E-01	
  +1.4200000000000000E+02	  +1.4200000000000000E+02	  +1.0872948987897260E+01	  +1.8107335950555645E+02	  +5.6708408902174043E+01	  +1.0436474493948630E+01	  +1.1531234829532405E+01	  +1.7142808011539915E-01	  +1.7404827482011695E-01	
  +1.4300000000000000E+02	  +1.4300000000000000E+02	  +2.0047000683953161E+01	  +9.7492200122230521E+00	  +5.4577819311292870E+01	  +2.0023500341976579E+01	  +2.0082443631046850E+01	  +1.6498736188419852E-01	  +1.6750911334792212E-01	
  +1.4400000000000000E+02	  +1.4400000000000000E+02	  +2.9221046286643027E+01	  -1.6157618341093223E+02	  +5.2447232383481122E+01	  +2.9610523143321515E+01	  +2.8633641744222771E+01	  +1.5854665170338914E-01	  +1.6096996004916483E-01	
  +1.4500000000000000E+02	  +1.4500000000000000E+02	  +3.8395096910272372E+01	  -3.3290054535469761E+02	  +5.0316643261297628E+01	  +3.9197548455136186E+01	  +3.7184848664599926E+01	  +1.5210593488904964E-01	  +1.5443080001548723E-01	
  +1.4600000000000000E+02	  +1.4600000000000000E+02	  +1.0329552600200669E+00	  +2.1426301163520279E+02	  +0.0000000000000000E+00	  +5.1647763001003344E-01	  +1.8119009168008602E+00	  +0.0000000000000000E+00	  +0.0000000000000000E+00	
  +1.4700000000000000E+02	  +1.4700000000000000E+02	  +1.0156327024262172E+01	  +3.2426476068026091E+01	  +0.0000000000000000E+00	  +1.0078163512131086E+01	  +1.0274212339628221E+01	  +0.0000000000000000E+00	  +0.0000000000000000E+00	
  +1.4800000000000000E+02	  +1.4800000000000000E+02	  +1.9330373701063831E+01	  -1.3889870455513332E+02	  +0.0000000000000000E+00	  +1.9665186850531917E+01	  +1.8825412336897497E+01	  +0.0000000000000000E+00	  +0.0000000000000000E+00	
  +1.4900000000000000E+02	  +1.4900000000000000E+02	  +2.8504424159518209E+01	  -3.1022310076067868E+02	  +0.0000000000000000E+00	  +2.9252212079759104E+01	  +2.7376618967542182E+01	  +0.0000000000000000E+00	  +0.0000000000000000E+00	
  +1.5000000000000000E+02	  +1.5000000000000000E+02	  +3.7678475372524566E+01	  -4.8154734045162365E+02	  +0.0000000000000000E+00	  +3.8839237686262280E+01	  +3.5927826921742188E+01	  +0.0000000000000000E+00	  +0.0000000000000000E+00	
  +1.5100000000000000E+02	  +1.5100000000000000E+02	  +4.6412823072819567E+00	  +9.6272816790544800E+02	  +3.0153610397077489E+02	  +2.3206411536409783E+00	  +8.1412467637101926E+00	  +1.8230719708027499E-01	  +1.8509367378949934E-01	
  +1.5200000000000000E+02	  +1.5200000000000000E+02	  +1.3691809262799055E+01	  +7.6578163803018572E+02	  +2.9065621024808235E+02	  +1.1845904631399527E+01	  +1.6475781523964130E+01	  +1.7572926859013441E-01	  +1.7841520486636284E-01	
  +1.5300000000000000E+02	  +1.5300000000000000E+02	  +2.2742337424598212E+01	  +5.6883535837062675E+02	  +2.7977631376325360E+02	  +2.1371168712299106E+01	  +2.4810318400150535E+01	  +1.6915133843002031E-01	  +1.7173673424772809E-01	
  +1.5400000000000000E+02	  +1.5400000000000000E+02	  +3.1792863962465074E+01	  +3.7188874186334766E+02	  +2.6889642099689371E+02	  +3.0896431981232539E+01	  +3.3144852427806590E+01	  +1.6257341051807356E-01	  +1.6505826591162287E-01	
  +1.5500000000000000E+02	  +1.5500000000000000E+02	  +4.0843392377874309E+01	  +1.7494251480941580E+02	  +2.5801652393135032E+02	  +4.0421696188937155E+01	  +4.1479389748848980E+01	  +1.5599548000686234E-01	  +1.5837979493652465E-01	
  +1.5600000000000000E+02	  +1.5600000000000000E+02	  +3.9339776146901042E+00	  +8.1601393986085918E+02	  +2.4283255035626499E+02	  +1.9669888073450521E+00	  +6.9005676456815639E+00	  +1.8351915837081695E-01	  +1.8632415931799878E-01	
  +1.5700000000000000E+02	  +1.5700000000000000E+02	  +1.2984505883013382E+01	  +6.1906768229729983E+02	  +2.3411757914411561E+02	  +1.1492252941506692E+01	  +1.5235104708721321E+01	  +1.7693287420202206E-01	  +1.7963720700373134E-01	
  +1.5800000000000000E+02	  +1.5800000000000000E+02	  +2.2035032420881510E+01	  +4.2212106579028341E+02	  +2.2540261110589924E+02	  +2.1017516210440753E+01	  +2.3569638736379588E+01	  +1.7034659243190692E-01	  +1.7295025712480627E-01	
  +1.5900000000000000E+02	  +1.5900000000000000E+02	  +3.1085559917964780E+01	  +2.2517464825057263E+02	  +2.1668764130832807E+02	  +3.0542779958982390E+01	  +3.1904174446591657E+01	  +1.6376030933217053E-01	  +1.6626330589593732E-01	
  +1.6000000000000000E+02	  +1.6000000000000000E+02	  +4.0136087318379801E+01	  +2.8228210659238336E+01	  +2.0797267168806198E+02	  +4.0068043659189897E+01	  +4.0238709987238494E+01	  +1.5717402636643135E-01	  +1.5957635480311369E-01	
  +1.6100000000000000E+02	  +1.6100000000000000E+02	  +3.2266745324242616E+00	  +6.6930004584167705E+02	  +1.8280459529338449E+02	  +1.6133372662121308E+00	  +5.6598913523165866E+00	  +1.8420454987241480E-01	  +1.8702002669478018E-01	
  +1.6200000000000000E+02	  +1.6200000000000000E+02	  +1.2277200879297396E+01	  +4.7235338971710485E+02	  +1.7627882186037530E+02	  +1.1138600439648698E+01	  +1.3994425044951630E+01	  +1.7762880074604520E-01	  +1.8034377044593283E-01	
  +1.6300000000000000E+02	  +1.6300000000000000E+02	  +2.1327728590364618E+01	  +2.7540701656348506E+02	  +1.6975304655375348E+02	  +2.0663864295182307E+01	  +2.2328961130511722E+01	  +1.7105304973171451E-01	  +1.7366751228026781E-01	
  +1.6400000000000000E+02	  +1.6400000000000000E+02	  +3.0378256309374223E+01	  +7.8460645057331391E+01	  +1.6322727123622352E+02	  +3.0189128154687111E+01	  +3.0663497230003504E+01	  +1.6447729870639211E-01	  +1.6699125410344309E-01	
  +1.6500000000000000E+02	  +1.6500000000000000E+02	  +3.9428778974252957E+01	  -1.1848677481300933E+02	  +1.5670150286014200E+02	  +3.9714389487126482E+01	  +3.8998024464073218E+01	  +1.5790155467567712E-01	  +1.6031500302813501E-01	
  +1.6600000000000000E+02	  +1.6600000000000000E+02	  +2.5193693377107160E+00	  +5.2258571364339412E+02	  +1.2141700102063137E+02	  +1.2596846688553580E+00	  +4.4192113535191666E+00	  +1.8352025547253834E-01	  +1.8632527318815273E-01	
  +1.6700000000000000E+02	  +1.6700000000000000E+02	  +1.1569897449432398E+01	  +3.2563942359640487E+02	  +1.1710555646363026E+02	  +1.0784948724716198E+01	  +1.2753748141864957E+01	  +1.7700356176485832E-01	  +1.7970897499131039E-01	
  +1.6800000000000000E+02	  +1.6800000000000000E+02	  +2.0620424062913575E+01	  +1.2869282277359096E+02	  +1.1279411326611853E+02	  +2.0310212031456786E+01	  +2.1088282302155644E+01	  +1.7048687011202920E-01	  +1.7309267888072638E-01	
  +1.6900000000000000E+02	  +1.6900000000000000E+02	  +2.9670946903244161E+01	  -6.8254560703264303E+01	  +1.0848267349232813E+02	  +2.9835473451622079E+01	  +2.9422809843984446E+01	  +1.6397018363411145E-01	  +1.6647638802414971E-01	
  +1.7000000000000000E+02	  +1.7000000000000000E+02	  +3.8721474359461432E+01	  -2.6520098671969447E+02	  +1.0417122953012557E+02	  +3.9360737179730720E+01	  +3.7757345482513706E+01	  +1.5745349082546187E-01	  +1.5986009074007909E-01	
  +1.7100000000000000E+02	  +1.7100000000000000E+02	  +1.8130378301445216E+00	  +3.7607335063841180E+02	  +5.8789114048657673E+01	  +9.0651891507226079E-01	  +3.1802392937809172E+00	  +1.7771799893790105E-01	  +1.8043433198810302E-01	
  +1.7200000000000000E+02	  +1.7200000000000000E+02	  +1.0862592213105916E+01	  +1.7892508276646734E+02	  +5.6712935269088874E+01	  +1.0431296106552958E+01	  +1.1513068070074526E+01	  +1.7144176320764473E-01	  +1.7406216705176267E-01	
  +1.7300000000000000E+02	  +1.7300000000000000E+02	  +1.9913114996613444E+01	  -1.8022312497035490E+01	  +5.4636333255812602E+01	  +1.9956557498306722E+01	  +1.9847595512230328E+01	  +1.6516424805263785E-01	  +1.6768870313528766E-01	
  +1.7400000000000000E+02	  +1.7400000000000000E+02	  +2.8963643031861704E+01	  -2.1496861840669214E+02	  +5.2559728947294246E+01	  +2.9481821515930854E+01	  +2.8182132166434528E+01	  +1.5888672595917244E-01	  +1.6131523217430313E-01	
  +1.7500000000000000E+02	  +1.7500000000000000E+02	  +3.8014170485465321E+01	  -4.1191504496526511E+02	  +5.0483124892980214E+01	  +3.9007085242732657E+01	  +3.6516667800379182E+01	  +1.5260920463416025E-01	  +1.5494176199351728E-01	
  +1.7600000000000000E+02	  +1.7600000000000000E+02	  +1.1518055348423346E+00	  +2.3891579070774060E+02	  +0.0000000000000000E+00	  +5.7590276742116731E-01	  +2.0203755044691758E+00	  +0.0000000000000000E+00	  +0.0000000000000000E+00	
  +1.7700000000000000E+02	  +1.7700000000000000E+02	  +1.0155287946956891E+01	  +3.2210943177717816E+01	  +0.0000000000000000E+00	  +1.0077643973478445E+01	  +1.0272389700066823E+01	  +0.0000000000000000E+00	  +0.0000000000000000E+00	
  +1.7800000000000000E+02	  +1.7800000000000000E+02	  +1.9205810104883955E+01	  -1.6473658184818558E+02	  +0.0000000000000000E+00	  +1.9602905052441976E+01	  +1.8606916044895510E+01	  +0.0000000000000000E+00	  +0.0000000000000000E+00	
  +1.7900000000000000E+02	  +1.7900000000000000E+02	  +2.8256338361196796E+01	  -3.6168284190303626E+02	  +0.0000000000000000E+00	  +2.9128169180598398E+01	  +2.6941453086867828E+01	  +0.0000000000000000E+00	  +0.0000000000000000E+00	
  +1.8000000000000000E+02	  +1.8000000000000000E+02	  +3.7306865481748709E+01	  -5.5862933754559003E+02	  +0.0000000000000000E+00	  +3.8653432740874351E+01	  +3.5275988136608390E+01	  +0.0000000000000000E+00	  +0.0000000000000000E+00	
  +1.8100000000000000E+02	  +1.8100000000000000E+02	  +5.3810739596119239E+00	  +1.1161810748665127E+03	  +2.9984213422090812E+02	  +2.6905369798059620E+00	  +9.4389110721065226E+00	  +1.8128303157249581E-01	  +1.8405385441078403E-01	
  +1.8200000000000000E+02	  +1.8200000000000000E+02	  +1.4488419710852957E+01	  +9.3102030838342216E+02	  +2.8883213721727554E+02	  +1.2244209855426480E+01	  +1.7873111357140036E+01	  +1.7462644329944105E-01	  +1.7729552342826510E-01	
  +1.8300000000000000E+02	  +1.8300000000000000E+02	  +2.3787678628509006E+01	  +7.8566755159838010E+02	  +2.7738269878782484E+02	  +2.1893839314254503E+01	  +2.6643945430326934E+01	  +1.6770417097208271E-01	  +1.7026744754008194E-01	
  +1.8400000000000000E+02	  +1.8400000000000000E+02	  +3.3086938697089614E+01	  +6.4031503354639062E+02	  +2.6593325772299511E+02	  +3.1543469348544807E+01	  +3.5414781522344022E+01	  +1.6078189705138762E-01	  +1.6323937003420858E-01	
  +1.8500000000000000E+02	  +1.8500000000000000E+02	  +4.2386197246456447E+01	  +4.9496220036814981E+02	  +2.5448382013685051E+02	  +4.1193098623228224E+01	  +4.4185614949516918E+01	  +1.5385962523388785E-01	  +1.5621129466367689E-01	
  +1.8600000000000000E+02	  +1.8600000000000000E+02	  +4.7366545680576264E+00	  +9.8251096839174977E+02	  +2.4136031175163316E+02	  +2.3683272840288132E+00	  +8.3085387011494269E+00	  +1.8240652339150026E-01	  +1.8519451825496552E-01	
  +1.8700000000000000E+02	  +1.8700000000000000E+02	  +1.3762374711120337E+01	  +7.8041883100446091E+02	  +2.3269084263041077E+02	  +1.1881187355560169E+01	  +1.6599559973483149E+01	  +1.7585462713906497E-01	  +1.7854247945960955E-01	
  +1.8800000000000000E+02	  +1.8800000000000000E+02	  +2.3061634770266640E+01	  +6.3506631099553977E+02	  +2.2351965731729265E+02	  +2.1530817385133318E+01	  +2.5370396048951577E+01	  +1.6892356205962264E-01	  +1.7150547642641126E-01	
  +1.8900000000000000E+02	  +1.8900000000000000E+02	  +3.2360893320768639E+01	  +4.8971347805276326E+02	  +2.1434847477127084E+02	  +3.1180446660384320E+01	  +3.4141229478115655E+01	  +1.6199249907139573E-01	  +1.6446847551639163E-01	
  +1.9000000000000000E+02	  +1.9000000000000000E+02	  +4.1660152974505998E+01	  +3.4436087395100236E+02	  +2.0517729020173797E+02	  +4.0830076487252995E+01	  +4.2912064842458570E+01	  +1.5506143455391322E-01	  +1.5743147305374250E-01	
  +1.9100000000000000E+02	  +1.9100000000000000E+02	  +4.0871853276425787E+00	  +8.4779338593512682E+02	  +1.8162275187448694E+02	  +2.0435926638212893E+00	  +7.1693084191727205E+00	  +1.8301365565748379E-01	  +1.8581093024183520E-01	
  +1.9200000000000000E+02	  +1.9200000000000000E+02	  +1.3036330843442702E+01	  +6.2981758844448905E+02	  +1.7523621698290191E+02	  +1.1518165421721351E+01	  +1.5326010575557440E+01	  +1.7657821138946181E-01	  +1.7927712334275556E-01	
  +1.9300000000000000E+02	  +1.9300000000000000E+02	  +2.2335589395080504E+01	  +4.8446475573730902E+02	  +1.6836882956793866E+02	  +2.1167794697540252E+01	  +2.4096844006713823E+01	  +1.6965823213214293E-01	  +1.7225137557307518E-01	
  +1.9400000000000000E+02	  +1.9400000000000000E+02	  +3.1634849305864506E+01	  +3.3911220495401221E+02	  +1.6150144028629572E+02	  +3.0817424652932253E+01	  +3.2867679821940790E+01	  +1.6273825099384895E-01	  +1.6522562589366988E-01	
  +1.9500000000000000E+02	  +1.9500000000000000E+02	  +4.0934107385433364E+01	  +1.9375927432689548E+02	  +1.5463405351968174E+02	  +4.0467053692716682E+01	  +4.1638512425043743E+01	  +1.5581827238984455E-01	  +1.5819987878728953E-01	
  +1.9600000000000000E+02	  +1.9600000000000000E+02	  +3.4328977307106059E+00	  +7.1207634530407313E+02	  +1.2058807395337995E+02	  +1.7164488653553029E+00	  +6.0216262855733991E+00	  +1.8226734273485481E-01	  +1.8505321028954405E-01	
  +1.9700000000000000E+02	  +1.9700000000000000E+02	  +1.2310285469390585E+01	  +4.7921603342148478E+02	  +1.1643373534157776E+02	  +1.1155142734695293E+01	  +1.4052458535308865E+01	  +1.7598811266864836E-01	  +1.7867800525027114E-01	
  +1.9800000000000000E+02	  +1.9800000000000000E+02	  +2.1609545361247982E+01	  +3.3386347871229520E+02	  +1.1189659390791688E+02	  +2.0804772680623991E+01	  +2.2823294317336778E+01	  +1.6913028099745597E-01	  +1.7171535496230611E-01	
  +1.9900000000000000E+02	  +1.9900000000000000E+02	  +3.0908803443092722E+01	  +1.8851054855725840E+02	  +1.0735945411664444E+02	  +3.0454401721546361E+01	  +3.1594126924431841E+01	  +1.6227245180871289E-01	  +1.6475270719473334E-01	
  +2.0000000000000000E+02	  +2.0000000000000000E+02	  +4.0208063194083792E+01	  +4.3157964628561835E+01	  +1.0282231281080436E+02	  +4.0104031597041896E+01	  +4.0364962459366936E+01	  +1.5541462033072001E-01	  +1.5779005710292079E-01	
  +2.0100000000000000E+02	  +2.0100000000000000E+02	  +2.7740127193036219E+00	  +5.7540567588649083E+02	  +5.8369125680472806E+01	  +1.3870063596518110E+00	  +4.8658798535241861E+00	  +1.7644838476563723E-01	  +1.7914531238162471E-01	
  +2.0200000000000000E+02	  +2.0200000000000000E+02	  +1.1584241416629133E+01	  +3.2861475247009622E+02	  +5.6397542770482758E+01	  +1.0792120708314567E+01	  +1.2778908812728691E+01	  +1.7048833969311594E-01	  +1.7309417092321150E-01	
  +2.0300000000000000E+02	  +2.0300000000000000E+02	  +2.0883499500754077E+01	  +1.8326182278803549E+02	  +5.4212232471282704E+01	  +2.0441749750377038E+01	  +2.1549741423823445E+01	  +1.6388220215018956E-01	  +1.6638706178568424E-01	
  +2.0400000000000000E+02	  +2.0400000000000000E+02	  +3.0182759424301942E+01	  +3.7909274652310913E+01	  +5.2026921368173788E+01	  +3.0091379712150971E+01	  +3.0320577261439428E+01	  +1.5727606217706708E-01	  +1.5967995018081657E-01	
  +2.0500000000000000E+02	  +2.0500000000000000E+02	  +3.9482015270223471E+01	  -1.0744411929400484E+02	  +4.9841612047167260E+01	  +3.9741007635111735E+01	  +3.9091405946514364E+01	  +1.5066992759119485E-01	  +1.5297284404554065E-01	
  +2.0600000000000000E+02	  +2.0600000000000000E+02	  +2.1107483181435005E+00	  +4.3782660193877109E+02	  +0.0000000000000000E+00	  +1.0553741590717503E+00	  +3.7024515589434008E+00	  +0.0000000000000000E+00	  +0.0000000000000000E+00	
  +2.0700000000000000E+02	  +2.0700000000000000E+02	  +1.0893473469502343E+01	  +1.8533069514356944E+02	  +0.0000000000000000E+00	  +1.0446736734751171E+01	  +1.1567236705389439E+01	  +0.0000000000000000E+00	  +0.0000000000000000E+00	
  +2.0800000000000000E+02	  +2.0800000000000000E+02	  +2.0157455247020287E+01	  +3.2660500149518754E+01	  +0.0000000000000000E+00	  +2.0078727623510144E+01	  +2.0276191348718843E+01	  +0.0000000000000000E+00	  +0.0000000000000000E+00	
  +2.0900000000000000E+02	  +2.0900000000000000E+02	  +2.9456711294473788E+01	  -1.1269285199358552E+02	  +0.0000000000000000E+00	  +2.9728355647236896E+01	  +2.9047020387299860E+01	  +0.0000000000000000E+00	  +0.0000000000000000E+00	
  +2.1000000000000000E+02	  +2.1000000000000000E+02	  +3.8755970238486078E+01	  -2.5804560331162622E+02	  +0.0000000000000000E+00	  +3.9377985119243036E+01	  +3.7817854506718092E+01	  +0.0000000000000000E+00	  +0.0000000000000000E+00	
  +2.1100000000000000E+02	  +2.1100000000000000E+02	  +5.6129670241686798E+00	  +1.1642820026727004E+03	  +2.9931114710402750E+02	  +2.8064835120843399E+00	  +9.8456733710486706E+00	  +1.8096199945829955E-01	  +1.8372791547709053E-01	
  +2.1200000000000000E+02	  +2.1200000000000000E+02	  +1.4565467324710227E+01	  +9.4700207876914442E+02	  +2.8865571413009604E+02	  +1.2282733662355113E+01	  +1.8008260136170982E+01	  +1.7451977879691416E-01	  +1.7718722861077121E-01	
  +2.1300000000000000E+02	  +2.1300000000000000E+02	  +2.3739517700570609E+01	  +7.7567766543135826E+02	  +2.7749297734368071E+02	  +2.1869758850285304E+01	  +2.6559466621938014E+01	  +1.6777084482689278E-01	  +1.7033514047228729E-01	
  +2.1400000000000000E+02	  +2.1400000000000000E+02	  +3.2913569197052261E+01	  +6.0435348454089842E+02	  +2.6633023799127454E+02	  +3.1456784598526131E+01	  +3.5110675073380413E+01	  +1.6102190930548640E-01	  +1.6348305075870614E-01	
  +2.1500000000000000E+02	  +2.1500000000000000E+02	  +4.2087619255233314E+01	  +4.3302900530778004E+02	  +2.5516750193227907E+02	  +4.1043809627616653E+01	  +4.3661881001907950E+01	  +1.5427297577525939E-01	  +1.5663096306673863E-01	
  +2.1600000000000000E+02	  +2.1600000000000000E+02	  +5.0060431071609210E+00	  +1.0383894772897618E+03	  +2.4086620985266941E+02	  +2.5030215535804605E+00	  +8.7810715976539893E+00	  +1.8203310901803918E-01	  +1.8481539642468872E-01	
  +2.1700000000000000E+02	  +2.1700000000000000E+02	  +1.3848844655236833E+01	  +7.9835504892155461E+02	  +2.3253224284835085E+02	  +1.1924422327618416E+01	  +1.6751236408159858E+01	  +1.7573476636060370E-01	  +1.7842078666753131E-01	
  +2.1800000000000000E+02	  +2.1800000000000000E+02	  +2.3022896193769530E+01	  +6.2703087675362474E+02	  +2.2359071009583363E+02	  +2.1511448096884763E+01	  +2.5302444933363752E+01	  +1.6897725974594438E-01	  +1.7155999485571338E-01	
  +2.1900000000000000E+02	  +2.1900000000000000E+02	  +3.2196946251950330E+01	  +4.5570639752045406E+02	  +2.1464918005851990E+02	  +3.1098473125975165E+01	  +3.3853650861890848E+01	  +1.6221975518328285E-01	  +1.6469920512725708E-01	
  +2.2000000000000000E+02	  +2.2000000000000000E+02	  +4.1370997368764357E+01	  +2.8438213787660385E+02	  +2.0570764807950252E+02	  +4.0685498684382182E+01	  +4.2404858647360442E+01	  +1.5546224915319115E-01	  +1.5783841390894160E-01	
  +2.2100000000000000E+02	  +2.2100000000000000E+02	  +4.3930642567852161E+00	  +9.1124099406539494E+02	  +1.8120265139301077E+02	  +2.1965321283926080E+00	  +7.7058489002511017E+00	  +1.8259033796151830E-01	  +1.8538114234107664E-01	
  +2.2200000000000000E+02	  +2.2200000000000000E+02	  +1.3132223353910053E+01	  +6.4970830286477849E+02	  +1.7510451621511712E+02	  +1.1566111676955027E+01	  +1.5494215080006891E+01	  +1.7644550203054926E-01	  +1.7914238558593218E-01	
  +2.2300000000000000E+02	  +2.2300000000000000E+02	  +2.2306273248667317E+01	  +4.7838378973312223E+02	  +1.6840909297299808E+02	  +2.1153136624333658E+01	  +2.4045420721873697E+01	  +1.6969880388250511E-01	  +1.7229256744287993E-01	
  +2.2400000000000000E+02	  +2.2400000000000000E+02	  +3.1480324449899687E+01	  +3.0705954759993188E+02	  +1.6171366793653897E+02	  +3.0740162224949842E+01	  +3.2596628655421014E+01	  +1.6295210392637943E-01	  +1.6544274746411050E-01	
  +2.2500000000000000E+02	  +2.2500000000000000E+02	  +4.0654374884715921E+01	  +1.3573514649119267E+02	  +1.5501824395269168E+02	  +4.0327187442357960E+01	  +4.1147835244602170E+01	  +1.5620540503092673E-01	  +1.5859292856222587E-01	
  +2.2600000000000000E+02	  +2.2600000000000000E+02	  +3.7742960680585114E+00	  +7.8289164462883980E+02	  +1.2027829231472396E+02	  +1.8871480340292557E+00	  +6.6204711575409831E+00	  +1.8179911172116678E-01	  +1.8457782259287839E-01	
  +2.2700000000000000E+02	  +2.2700000000000000E+02	  +1.2415600245382032E+01	  +5.0106118194531905E+02	  +1.1633817370488450E+02	  +1.1207800122691015E+01	  +1.4237190581852557E+01	  +1.7584367246808419E-01	  +1.7853135735159545E-01	
  +2.2800000000000000E+02	  +2.2800000000000000E+02	  +2.1589651697545083E+01	  +3.2973699186197587E+02	  +1.1191464523115599E+02	  +2.0794825848772540E+01	  +2.2788398955555948E+01	  +1.6915756534334339E-01	  +1.7174305633613068E-01	
  +2.2900000000000000E+02	  +2.2900000000000000E+02	  +3.0763702295925199E+01	  +1.5841262468083391E+02	  +1.0749111753214206E+02	  +3.0381851147962600E+01	  +3.1339605831643578E+01	  +1.6247145938957383E-01	  +1.6495475650953492E-01	
  +2.3000000000000000E+02	  +2.3000000000000000E+02	  +3.9937748911926754E+01	  -1.2912568553920615E+01	  +1.0306759344670097E+02	  +3.9968874455963373E+01	  +3.9890805722263735E+01	  +1.5578535889767375E-01	  +1.5816646222829062E-01	
  +2.3100000000000000E+02	  +2.3100000000000000E+02	  +3.1498724681984678E+00	  +6.5336920912712344E+02	  +5.8204858409407223E+01	  +1.5749362340992339E+00	  +5.5251732904905477E+00	  +1.7595180897644264E-01	  +1.7864114667336628E-01	
  +2.3200000000000000E+02	  +2.3200000000000000E+02	  +1.1698978127974454E+01	  +3.5241426661119255E+02	  +5.6347397772197738E+01	  +1.0849489063987228E+01	  +1.2980167822216929E+01	  +1.7033675263663162E-01	  +1.7294026693240441E-01	
  +2.3300000000000000E+02	  +2.3300000000000000E+02	  +2.0873028203354711E+01	  +1.8108979094565686E+02	  +5.4216808889623245E+01	  +2.0436514101677353E+01	  +2.1531373780913491E+01	  +1.6389603654662407E-01	  +1.6640110763412980E-01	
  +2.3400000000000000E+02	  +2.3400000000000000E+02	  +3.0047079903518494E+01	  +9.7656523044098869E+00	  +5.2086219296946737E+01	  +3.0023539951759247E+01	  +3.0082582589633549E+01	  +1.5745531830999618E-01	  +1.5986194615642474E-01	
  +2.3500000000000000E+02	  +2.3500000000000000E+02	  +3.9221125502224403E+01	  -1.6155975194512629E+02	  +4.9955632370876174E+01	  +3.9610562751112198E+01	  +3.8633780695821230E+01	  +1.5101460813445033E-01	  +1.5332279286301148E-01	
  +2.3600000000000000E+02	  +2.3600000000000000E+02	  +2.5199817609263815E+00	  +5.2271274687286927E+02	  +0.0000000000000000E+00	  +1.2599908804631907E+00	  +4.4202856015809004E+00	  +0.0000000000000000E+00	  +0.0000000000000000E+00	
  +2.3700000000000000E+02	  +2.3700000000000000E+02	  +1.1009632719727220E+01	  +2.0942528253352640E+02	  +0.0000000000000000E+00	  +1.0504816359863611E+01	  +1.1770990982194483E+01	  +0.0000000000000000E+00	  +0.0000000000000000E+00	
  +2.3800000000000000E+02	  +2.3800000000000000E+02	  +2.0156406240568394E+01	  +3.2442907684184824E+01	  +0.0000000000000000E+00	  +2.0078203120284197E+01	  +2.0274351292498132E+01	  +0.0000000000000000E+00	  +0.0000000000000000E+00	
  +2.3900000000000000E+02	  +2.3900000000000000E+02	  +2.9330452916628566E+01	  -1.3888227309277914E+02	  +0.0000000000000000E+00	  +2.9665226458314283E+01	  +2.8825551288466766E+01	  +0.0000000000000000E+00	  +0.0000000000000000E+00	
  +2.4000000000000000E+02	  +2.4000000000000000E+02	  +3.8504503374960180E+01	  -3.1020666932378907E+02	  +0.0000000000000000E+00	  +3.9252251687480090E+01	  +3.7376757918896118E+01	  +0.0000000000000000E+00	  +0.0000000000000000E+00	
  +2.4100000000000000E+02	  +2.4100000000000000E+02	  +5.8240343084044426E+00	  +1.2080630972935257E+03	  +2.9882784671322713E+02	  +2.9120171542022213E+00	  +1.0215905287778556E+01	  +1.8066979849650974E-01	  +1.8343124836592492E-01	
  +2.4200000000000000E+02	  +2.4200000000000000E+02	  +1.4641360995963780E+01	  +9.6274449007795783E+02	  +2.8848193333261753E+02	  +1.2320680497981890E+01	  +1.8141384791077162E+01	  +1.7441471180932136E-01	  +1.7708055572544906E-01	
  +2.4300000000000000E+02	  +2.4300000000000000E+02	  +2.3691887951480879E+01	  +7.6579796020269589E+02	  +2.7760203960992504E+02	  +2.1845943975740440E+01	  +2.6475919551331103E+01	  +1.6783678331918078E-01	  +1.7040208680231259E-01	
  +2.4400000000000000E+02	  +2.4400000000000000E+02	  +3.2742416113314661E+01	  +5.6885168055031897E+02	  +2.6672214312501694E+02	  +3.1371208056657331E+01	  +3.4810456427578245E+01	  +1.6125885315901869E-01	  +1.6372361618362916E-01	
  +2.4500000000000000E+02	  +2.4500000000000000E+02	  +4.1792942651181498E+01	  +3.7190506404303477E+02	  +2.5584225035865705E+02	  +4.0896471325590753E+01	  +4.3144990455234250E+01	  +1.5468092524707197E-01	  +1.5704514784752391E-01	
  +2.4600000000000000E+02	  +2.4600000000000000E+02	  +5.2490926428145475E+00	  +1.0888045605961499E+03	  +2.4042041792140014E+02	  +2.6245463214072737E+00	  +9.2074033987721471E+00	  +1.8169620459597954E-01	  +1.8447334258263737E-01	
  +2.4700000000000000E+02	  +2.4700000000000000E+02	  +1.3934056303371928E+01	  +8.1603026203336924E+02	  +2.3237595098345741E+02	  +1.1967028151685964E+01	  +1.6900705673048535E+01	  +1.7561664977588981E-01	  +1.7830086472835224E-01	
  +2.4800000000000000E+02	  +2.4800000000000000E+02	  +2.2984584571729815E+01	  +6.1908400447698875E+02	  +2.2366097977124451E+02	  +2.1492292285864906E+01	  +2.5235242736148997E+01	  +1.6903036560704693E-01	  +1.7161391241403606E-01	
  +2.4900000000000000E+02	  +2.4900000000000000E+02	  +3.2035111109597928E+01	  +4.2213738796996904E+02	  +2.1494601173302820E+02	  +3.1017555554798964E+01	  +3.3569776763807241E+01	  +1.6244408383693182E-01	  +1.6492696253511102E-01	
  +2.5000000000000000E+02	  +2.5000000000000000E+02	  +4.1085638606750749E+01	  +2.2519097044468521E+02	  +2.0623104193532942E+02	  +4.0542819303375374E+01	  +4.1904312474141307E+01	  +1.5585780073709901E-01	  +1.5824001130614421E-01	
  +2.5100000000000000E+02	  +2.5100000000000000E+02	  +4.6704597556133063E+00	  +9.6878036415563611E+02	  +1.8082167064698933E+02	  +2.3352298778066531E+00	  +8.1924267590378275E+00	  +1.8220643958785704E-01	  +1.8499137626776335E-01	
  +2.5200000000000000E+02	  +2.5200000000000000E+02	  +1.3226753221145357E+01	  +6.6931636802233288E+02	  +1.7497468692988079E+02	  +1.1613376610572679E+01	  +1.5660029379752443E+01	  +1.7631467848637725E-01	  +1.7900956246760907E-01	
  +2.5300000000000000E+02	  +2.5300000000000000E+02	  +2.2277279568013835E+01	  +4.7236971189679497E+02	  +1.6844891349687802E+02	  +2.1138639784006919E+01	  +2.3994563072379318E+01	  +1.6973892936001411E-01	  +1.7233330621876833E-01	
  +2.5400000000000000E+02	  +2.5400000000000000E+02	  +3.1327807279150587E+01	  +2.7542333875759755E+02	  +1.6192313819016076E+02	  +3.0663903639575295E+01	  +3.2329099158061375E+01	  +1.6316317834558722E-01	  +1.6565704805300563E-01	
  +2.5500000000000000E+02	  +2.5500000000000000E+02	  +4.0378334998580463E+01	  +7.8476967338619730E+01	  +1.5539736287205355E+02	  +4.0189167499290235E+01	  +4.0663635258290356E+01	  +1.5658742731968314E-01	  +1.5898078987559036E-01	
  +2.5600000000000000E+02	  +2.5600000000000000E+02	  +4.0853091011869722E+00	  +8.4740420554518425E+02	  +1.1999608201518245E+02	  +2.0426545505934861E+00	  +7.1660173410722292E+00	  +1.8137255443649100E-01	  +1.8414474558787439E-01	
  +2.5700000000000000E+02	  +2.5700000000000000E+02	  +1.2519448026427147E+01	  +5.2260203582308247E+02	  +1.1624394320560073E+02	  +1.1259724013213575E+01	  +1.4419349380946841E+01	  +1.7570124426481365E-01	  +1.7838675220261205E-01	
  +2.5800000000000000E+02	  +2.5800000000000000E+02	  +2.1569976138227723E+01	  +3.2565574579245816E+02	  +1.1193249864852805E+02	  +2.0784988069113862E+01	  +2.2753886169431020E+01	  +1.6918455055702547E-01	  +1.7177045400565991E-01	
  +2.5900000000000000E+02	  +2.5900000000000000E+02	  +3.0620502751839176E+01	  +1.2870914499666705E+02	  +1.0762105545089811E+02	  +3.0310251375919588E+01	  +3.1088420329950225E+01	  +1.6266785890401769E-01	  +1.6515415789489452E-01	
  +2.6000000000000000E+02	  +2.6000000000000000E+02	  +3.9671025592450356E+01	  -6.8238238421985528E+01	  +1.0330961567685308E+02	  +3.9835512796225174E+01	  +3.9422947872271209E+01	  +1.5615117242571505E-01	  +1.5853786703792708E-01	
  +2.6100000000000000E+02	  +2.6100000000000000E+02	  +3.4937787577798862E+00	  +7.2470472594764033E+02	  +5.8054556207966563E+01	  +1.7468893788899431E+00	  +6.1284173471344427E+00	  +1.7549744923810931E-01	  +1.7817984226774383E-01	
  +2.6200000000000000E+02	  +2.6200000000000000E+02	  +1.1812143022710437E+01	  +3.7588774324273737E+02	  +5.6297939727027014E+01	  +1.0906071511355218E+01	  +1.3178669717175879E+01	  +1.7018724222196799E-01	  +1.7278847132387676E-01	
  +2.6300000000000000E+02	  +2.6300000000000000E+02	  +2.0862670901944725E+01	  +1.7894140497154021E+02	  +5.4221335486693619E+01	  +2.0431335450972362E+01	  +2.1513206097716861E+01	  +1.6390972033462400E-01	  +1.6641500057216413E-01	
  +2.6400000000000000E+02	  +2.6400000000000000E+02	  +2.9913193687515463E+01	  -1.8005989863996714E+01	  +5.2144733472515640E+01	  +2.9956596843757730E+01	  +2.9847733543491728E+01	  +1.5763220517689128E-01	  +1.6004153665292159E-01	
  +2.6500000000000000E+02	  +2.6500000000000000E+02	  +3.8963721720647676E+01	  -2.1495229621257889E+02	  +5.0068129164922084E+01	  +3.9481860860323835E+01	  +3.8182270193984181E+01	  +1.5135468308622152E-01	  +1.5366806569477548E-01	
  +2.6600000000000000E+02	  +2.6600000000000000E+02	  +2.8960153941150977E+00	  +6.0071234844474793E+02	  +0.0000000000000000E+00	  +1.4480076970575488E+00	  +5.0798840479931471E+00	  +0.0000000000000000E+00	  +0.0000000000000000E+00	
  +2.6700000000000000E+02	  +2.6700000000000000E+02	  +1.1122296813048987E+01	  +2.3279487933271628E+02	  +0.0000000000000000E+00	  +1.0561148406524493E+01	  +1.1968614424255547E+01	  +0.0000000000000000E+00	  +0.0000000000000000E+00	
  +2.6800000000000000E+02	  +2.6800000000000000E+02	  +2.0155366636726733E+01	  +3.2227265575912284E+01	  +0.0000000000000000E+00	  +2.0077683318363366E+01	  +2.0272527729342279E+01	  +0.0000000000000000E+00	  +0.0000000000000000E+00	
  +2.6900000000000000E+02	  +2.6900000000000000E+02	  +2.9205888793828386E+01	  -1.6472025962120375E+02	  +0.0000000000000000E+00	  +2.9602944396914193E+01	  +2.8607054072723120E+01	  +0.0000000000000000E+00	  +0.0000000000000000E+00	
  +2.7000000000000000E+02	  +2.7000000000000000E+02	  +3.8256417049939550E+01	  -3.6166651971788770E+02	  +0.0000000000000000E+00	  +3.9128208524969779E+01	  +3.6941591114341676E+01	  +0.0000000000000000E+00	  +0.0000000000000000E+00	
  +2.7100000000000000E+02	  +2.7100000000000000E+02	  +6.8983091473786891E+00	  +1.4308969132693242E+03	  +2.9636797970265189E+02	  +3.4491545736893445E+00	  +1.2100284641823107E+01	  +1.7918257539459001E-01	  +1.8192129378328864E-01	
  +2.7200000000000000E+02	  +2.7200000000000000E+02	  +1.5422854297689453E+01	  +1.1248474531794075E+03	  +2.8669247543771235E+02	  +1.2711427148844727E+01	  +1.9512197724294591E+01	  +1.7333281465399777E-01	  +1.7598212229907656E-01	
  +2.7300000000000000E+02	  +2.7300000000000000E+02	  +2.4488395608979985E+01	  +9.3101530899952922E+02	  +2.7577820194821140E+02	  +2.2244197804489993E+01	  +2.7873069080182432E+01	  +1.6673410033144581E-01	  +1.6928254984220467E-01	
  +2.7400000000000000E+02	  +2.7400000000000000E+02	  +3.3787654526636032E+01	  +7.8566255221448682E+02	  +2.6432876351876075E+02	  +3.1893827263318016E+01	  +3.6643903153369330E+01	  +1.5981182800408750E-01	  +1.6225447395402151E-01	
  +2.7500000000000000E+02	  +2.7500000000000000E+02	  +4.3086914595207652E+01	  +6.4031003416063288E+02	  +2.5287932245395157E+02	  +4.1543457297603823E+01	  +4.5414739245370647E+01	  +1.5288955408340482E-01	  +1.5522639644816077E-01	
  +2.7600000000000000E+02	  +2.7600000000000000E+02	  +6.2655001443331777E+00	  +1.2996351171100525E+03	  +2.3855616312313396E+02	  +3.1327500721665889E+00	  +1.0990277986979482E+01	  +1.8028730586693917E-01	  +1.8304290952277008E-01	
  +2.7700000000000000E+02	  +2.7700000000000000E+02	  +1.4828410489940454E+01	  +1.0015436418471299E+03	  +2.3073556159124141E+02	  +1.2414205244970226E+01	  +1.8469487239209222E+01	  +1.7437693590631909E-01	  +1.7704220243612501E-01	
  +2.7800000000000000E+02	  +2.7800000000000000E+02	  +2.3762350609247356E+01	  +7.8041383162056616E+02	  +2.2223443179200962E+02	  +2.1881175304623678E+01	  +2.6599517696525528E+01	  +1.6795226102781863E-01	  +1.7051932953143745E-01	
  +2.7900000000000000E+02	  +2.7900000000000000E+02	  +3.3061610668384674E+01	  +6.3506131160978123E+02	  +2.1306324647890798E+02	  +3.1530805334192337E+01	  +3.5370353771978195E+01	  +1.6102119594838873E-01	  +1.6348232649825184E-01	
  +2.8000000000000000E+02	  +2.8000000000000000E+02	  +4.2360869218887757E+01	  +4.8970847866722966E+02	  +2.0389206393288418E+02	  +4.1180434609443878E+01	  +4.4141187201144177E+01	  +1.5409013296016036E-01	  +1.5644532558823071E-01	
  +2.8100000000000000E+02	  +2.8100000000000000E+02	  +5.6273636880618492E+00	  +1.1672682622742927E+03	  +1.7950743888910119E+02	  +2.8136818440309246E+00	  +9.8709264768863818E+00	  +1.8088214317724827E-01	  +1.8364683863155734E-01	
  +2.8200000000000000E+02	  +2.8200000000000000E+02	  +1.4228465180183862E+01	  +8.7709866938785342E+02	  +1.7359891489657323E+02	  +1.2114232590091930E+01	  +1.7417126600901199E+01	  +1.7492837051246798E-01	  +1.7760206545156212E-01	
  +2.8300000000000000E+02	  +2.8300000000000000E+02	  +2.3036306741560733E+01	  +6.2981258905872994E+02	  +1.6740644979414986E+02	  +2.1518153370780368E+01	  +2.5325968298584055E+01	  +1.6868848225932070E-01	  +1.7126680354579302E-01	
  +2.8400000000000000E+02	  +2.8400000000000000E+02	  +3.2335565293199608E+01	  +4.8445975635177240E+02	  +1.6053906237918514E+02	  +3.1167782646599804E+01	  +3.4096801729742324E+01	  +1.6176850300200032E-01	  +1.6424105577611112E-01	
  +2.8500000000000000E+02	  +2.8500000000000000E+02	  +4.1634825203965612E+01	  +3.3910720556474229E+02	  +1.5367167309756690E+02	  +4.0817412601982809E+01	  +4.2867637544937722E+01	  +1.5484852186373124E-01	  +1.5721530609673109E-01	
  +2.8600000000000000E+02	  +2.8600000000000000E+02	  +4.9840751246899613E+00	  +1.0338327203168744E+03	  +1.1918055018309452E+02	  +2.4920375623449806E+00	  +8.7425376851797711E+00	  +1.8013988842668457E-01	  +1.8289323887851663E-01	
  +2.8700000000000000E+02	  +2.8700000000000000E+02	  +1.3622272107575185E+01	  +7.5135774100823585E+02	  +1.1524325101224886E+02	  +1.1811136053787592E+01	  +1.6353806797489138E+01	  +1.7418871071984410E-01	  +1.7685110031913442E-01	
  +2.8800000000000000E+02	  +2.8800000000000000E+02	  +2.2310261367509696E+01	  +4.7921103403594964E+02	  +1.1126077079776785E+02	  +2.1155130683754848E+01	  +2.4052416258337374E+01	  +1.6816924243918963E-01	  +1.7073962739778051E-01	
  +2.8900000000000000E+02	  +2.8900000000000000E+02	  +3.1609521259349066E+01	  +3.3385847932302079E+02	  +1.0672362936412331E+02	  +3.0804760629674533E+01	  +3.2823252040333664E+01	  +1.6131141076802194E-01	  +1.6377697710984057E-01	
  +2.9000000000000000E+02	  +2.9000000000000000E+02	  +4.0908779341195959E+01	  +1.8850554916843066E+02	  +1.0218648957284896E+02	  +4.0454389670597976E+01	  +4.1594084647432503E+01	  +1.5445358157927591E-01	  +1.5681432934226489E-01	
  +2.9100000000000000E+02	  +2.9100000000000000E+02	  +4.3358078781574836E+00	  +8.9936446407912513E+02	  +5.7686552381622064E+01	  +2.1679039390787418E+00	  +7.6054158138013843E+00	  +1.7438498301578617E-01	  +1.7705037254107678E-01	
  +2.9200000000000000E+02	  +2.9200000000000000E+02	  +1.3009992607178013E+01	  +6.2435432198789351E+02	  +5.5774426680029826E+01	  +1.1504996303589007E+01	  +1.5279810825885823E+01	  +1.6860467557445533E-01	  +1.7118171591599951E-01	
  +2.9300000000000000E+02	  +2.9300000000000000E+02	  +2.1584217314730214E+01	  +3.2860975308082112E+02	  +5.3905987912168975E+01	  +2.0792108657365105E+01	  +2.2778866535725573E+01	  +1.6295643262445275E-01	  +1.6544714232367397E-01	
  +2.9400000000000000E+02	  +2.9400000000000000E+02	  +3.0883475398857342E+01	  +1.8325682339921363E+02	  +5.1720677612967968E+01	  +3.0441737699428671E+01	  +3.1549699146824160E+01	  +1.5635029508152348E-01	  +1.5874003318614377E-01	
  +2.9500000000000000E+02	  +2.9500000000000000E+02	  +4.0182735322181422E+01	  +3.7904275217069859E+01	  +4.9535366509956866E+01	  +4.0091367661090715E+01	  +4.0320534984047605E+01	  +1.4974415510869668E-01	  +1.5203292158157630E-01	
  +2.9600000000000000E+02	  +2.9600000000000000E+02	  +3.6827331192259218E+00	  +7.6389899903188564E+02	  +0.0000000000000000E+00	  +1.8413665596129609E+00	  +6.4598611124054983E+00	  +0.0000000000000000E+00	  +0.0000000000000000E+00	
  +2.9700000000000000E+02	  +2.9700000000000000E+02	  +1.2391792814441215E+01	  +4.9612287333689255E+02	  +0.0000000000000000E+00	  +1.1195896407220609E+01	  +1.4195430103332413E+01	  +0.0000000000000000E+00	  +0.0000000000000000E+00	
  +2.9800000000000000E+02	  +2.9800000000000000E+02	  +2.0863091721122291E+01	  +1.7902869431293684E+02	  +0.0000000000000000E+00	  +2.0431545860561144E+01	  +2.1513944254230655E+01	  +0.0000000000000000E+00	  +0.0000000000000000E+00	
  +2.9900000000000000E+02	  +2.9900000000000000E+02	  +3.0157431144899782E+01	  +3.2655500714280649E+01	  +0.0000000000000000E+00	  +3.0078715572449891E+01	  +3.0276149071327040E+01	  +0.0000000000000000E+00	  +0.0000000000000000E+00	
  +3.0000000000000000E+02	  +3.0000000000000000E+02	  +3.9456687192545225E+01	  -1.1269785138900954E+02	  +0.0000000000000000E+00	  +3.9728343596272609E+01	  +3.9046978110244737E+01	  +0.0000000000000000E+00	  +0.0000000000000000E+00	
  +3.0100000000000000E+02	  +3.0100000000000000E+02	  +7.4864551356086722E+00	  +1.5528943855672728E+03	  +2.9502124713351679E+02	  +3.7432275678043361E+00	  +1.3131948157691113E+01	  +1.7836834772280336E-01	  +1.8109462103813259E-01	
  +3.0200000000000000E+02	  +3.0200000000000000E+02	  +1.5648665006259405E+01	  +1.1716867349472711E+03	  +2.8617541565701771E+02	  +1.2824332503129703E+01	  +1.9908290997369555E+01	  +1.7302020293652823E-01	  +1.7566473246377234E-01	
  +3.0300000000000000E+02	  +3.0300000000000000E+02	  +2.4565443383453012E+01	  +9.4699711270132741E+02	  +2.7560177849325510E+02	  +2.2282721691726508E+01	  +2.8008218140948557E+01	  +1.6662743560656293E-01	  +1.6917425479895618E-01	
  +3.0400000000000000E+02	  +3.0400000000000000E+02	  +3.3739493759313362E+01	  +7.7567269936353466E+02	  +2.6443904170683976E+02	  +3.1869746879656681E+01	  +3.6559424626715540E+01	  +1.5987850163654158E-01	  +1.6232216666047225E-01	
  +3.0500000000000000E+02	  +3.0500000000000000E+02	  +4.2913545255785834E+01	  +6.0434851847117045E+02	  +2.5327630235445466E+02	  +4.1456772627892917E+01	  +4.5110633078141831E+01	  +1.5312956611514791E-01	  +1.5547007694690404E-01	
  +3.0600000000000000E+02	  +3.0600000000000000E+02	  +6.8982992838641275E+00	  +1.4308948673081707E+03	  +2.3739550774579089E+02	  +3.4491496419320637E+00	  +1.2100267340288596E+01	  +1.7941014793363882E-01	  +1.8215234465770530E-01	
  +3.0700000000000000E+02	  +3.0700000000000000E+02	  +1.5096948015032769E+01	  +1.0572456272963595E+03	  +2.3024302058881875E+02	  +1.2548474007516385E+01	  +1.8940527376901873E+01	  +1.7400470117050995E-01	  +1.7666427827368711E-01	
  +3.0800000000000000E+02	  +3.0800000000000000E+02	  +2.3848820713979606E+01	  +7.9835008285373510E+02	  +2.2207583171535450E+02	  +2.1924410356989803E+01	  +2.6751194412937416E+01	  +1.6783240002671893E-01	  +1.7039763651331785E-01	
  +3.0900000000000000E+02	  +3.0900000000000000E+02	  +3.3022872252503085E+01	  +6.2702591068389313E+02	  +2.1313429896285422E+02	  +3.1511436126251542E+01	  +3.5302402938125141E+01	  +1.6107489341207240E-01	  +1.6353684470151295E-01	
  +3.1000000000000000E+02	  +3.1000000000000000E+02	  +4.2196922310683838E+01	  +4.5570143145071290E+02	  +2.0419276892554055E+02	  +4.1098461155341923E+01	  +4.3853608866652159E+01	  +1.5431738884941093E-01	  +1.5667605497305670E-01	
  +3.1100000000000000E+02	  +3.1100000000000000E+02	  +6.3036805190185374E+00	  +1.3075547651161885E+03	  +1.7857857129069643E+02	  +3.1518402595092687E+00	  +1.1057249963960226E+01	  +1.7994616212282996E-01	  +1.8269655156262027E-01	
  +3.1200000000000000E+02	  +3.1200000000000000E+02	  +1.4546351284039032E+01	  +9.4303689208267406E+02	  +1.7316232351167972E+02	  +1.2273175642019517E+01	  +1.7974728798504849E+01	  +1.7448843562241001E-01	  +1.7715540637099331E-01	
  +3.1300000000000000E+02	  +3.1300000000000000E+02	  +2.3132199412642379E+01	  +6.4970333679479177E+02	  +1.6727474880577404E+02	  +2.1566099706321189E+01	  +2.5494173084766121E+01	  +1.6855577267812780E-01	  +1.7113206556329186E-01	
  +3.1400000000000000E+02	  +3.1400000000000000E+02	  +3.2306249307400861E+01	  +4.7837882366338840E+02	  +1.6057932556365330E+02	  +3.1153124653700431E+01	  +3.4045378726635064E+01	  +1.6180907453008192E-01	  +1.6428224742023784E-01	
  +3.1500000000000000E+02	  +3.1500000000000000E+02	  +4.1480300508614775E+01	  +3.0705458152636982E+02	  +1.5388390052721957E+02	  +4.0740150254307387E+01	  +4.2596586660150010E+01	  +1.5506237457398181E-01	  +1.5743242744149438E-01	
  +3.1600000000000000E+02	  +3.1600000000000000E+02	  +5.7027469350216071E+00	  +1.1829047977038369E+03	  +1.1852843414530156E+02	  +2.8513734675108036E+00	  +1.0003155799456614E+01	  +1.7915422331514744E-01	  +1.8189250835584869E-01	
  +3.1700000000000000E+02	  +3.1700000000000000E+02	  +1.3988564217621454E+01	  +8.2733668576447042E+02	  +1.1491088099850367E+02	  +1.1994282108810726E+01	  +1.6996317693843800E+01	  +1.7368633766400193E-01	  +1.7634104873583020E-01	
  +3.1800000000000000E+02	  +3.1800000000000000E+02	  +2.2415576304115596E+01	  +5.0105621587558932E+02	  +1.1116520901533455E+02	  +2.1207788152057798E+01	  +2.4237148586613962E+01	  +1.6802480201834122E-01	  +1.7059297927545369E-01	
  +3.1900000000000000E+02	  +3.1900000000000000E+02	  +3.1589627756257631E+01	  +3.2973202578788681E+02	  +1.0674168054162509E+02	  +3.0794813878128814E+01	  +3.2788356960280488E+01	  +1.6133869489362920E-01	  +1.6380467826001818E-01	
  +3.2000000000000000E+02	  +3.2000000000000000E+02	  +4.0763678354598142E+01	  +1.5840765859852959E+02	  +1.0231815284264711E+02	  +4.0381839177299071E+01	  +4.1339563836298645E+01	  +1.5465258893991399E-01	  +1.5701637843347757E-01	
  +3.2100000000000000E+02	  +3.2100000000000000E+02	  +5.0956951982661698E+00	  +1.0569857590292352E+03	  +5.7354448141254146E+01	  +2.5478475991330849E+00	  +8.9383298181731998E+00	  +1.7338104033027249E-01	  +1.7603108508061929E-01	
  +3.2200000000000000E+02	  +3.2200000000000000E+02	  +1.3423844134859142E+01	  +7.1019838331642120E+02	  +5.5593555327674608E+01	  +1.1711922067429571E+01	  +1.6005745424844452E+01	  +1.6805790606914933E-01	  +1.7062658930512750E-01	
  +3.2300000000000000E+02	  +3.2300000000000000E+02	  +2.1698954186696344E+01	  +3.5240930053904123E+02	  +5.3855842843685593E+01	  +2.0849477093348170E+01	  +2.2980125826957853E+01	  +1.6280484535576056E-01	  +1.6529323811741550E-01	
  +3.2400000000000000E+02	  +3.2400000000000000E+02	  +3.0873004262065113E+01	  +1.8108482487112272E+02	  +5.1725253961116110E+01	  +3.0436502131032555E+01	  +3.1531331785634265E+01	  +1.5636412926576815E-01	  +1.5875407881915624E-01	
  +3.2500000000000000E+02	  +3.2500000000000000E+02	  +4.0047055960987358E+01	  +9.7606859723469235E+00	  +4.9594664368982208E+01	  +4.0023527980493682E+01	  +4.0082540592176557E+01	  +1.4992341103078055E-01	  +1.5221491734311657E-01	
  +3.2600000000000000E+02	  +3.2600000000000000E+02	  +4.4826374975511225E+00	  +9.2982092010019278E+02	  +0.0000000000000000E+00	  +2.2413187487755613E+00	  +7.8629688098408135E+00	  +0.0000000000000000E+00	  +0.0000000000000000E+00	
  +3.2700000000000000E+02	  +3.2700000000000000E+02	  +1.2852293508656441E+01	  +5.9164324040558733E+02	  +0.0000000000000000E+00	  +1.1426146754328220E+01	  +1.5003191738642533E+01	  +0.0000000000000000E+00	  +0.0000000000000000E+00	
  +3.2800000000000000E+02	  +3.2800000000000000E+02	  +2.0983045176475194E+01	  +2.0391030302797688E+02	  +0.0000000000000000E+00	  +2.0491522588237597E+01	  +2.1724353924561520E+01	  +0.0000000000000000E+00	  +0.0000000000000000E+00	
  +3.2900000000000000E+02	  +3.2900000000000000E+02	  +3.0156382299022258E+01	  +3.2437941556437750E+01	  +0.0000000000000000E+00	  +3.0078191149511127E+01	  +3.0274309296768912E+01	  +0.0000000000000000E+00	  +0.0000000000000000E+00	
  +3.3000000000000000E+02	  +3.3000000000000000E+02	  +3.9330428975306567E+01	  -1.3888723917403408E+02	  +0.0000000000000000E+00	  +3.9665214487653287E+01	  +3.8825509293130715E+01	  +0.0000000000000000E+00	  +0.0000000000000000E+00	
  +3.3100000000000000E+02	  +3.3100000000000000E+02	  +8.0033765891283881E+00	  +1.6601179524503434E+03	  +2.9383760400566894E+02	  +4.0016882945641941E+00	  +1.4038677124372800E+01	  +1.7765272309895339E-01	  +1.8036805844047332E-01	
  +3.3200000000000000E+02	  +3.3200000000000000E+02	  +1.5851471247270791E+01	  +1.2137542645483791E+03	  +2.8571103134519763E+02	  +1.2925735623635395E+01	  +2.0264032265403102E+01	  +1.7273943854002274E-01	  +1.7537967672022092E-01	
  +3.3300000000000000E+02	  +3.3300000000000000E+02	  +2.4641337213881577E+01	  +9.6273955702736714E+02	  +2.7542799733129868E+02	  +2.2320668606940789E+01	  +2.8141343075062718E+01	  +1.6652236839860865E-01	  +1.6906758168990441E-01	
  +3.3400000000000000E+02	  +3.3400000000000000E+02	  +3.3691864169398691E+01	  +7.6579302715210815E+02	  +2.6454810360860614E+02	  +3.1845932084699346E+01	  +3.6475877835316687E+01	  +1.5994443990846804E-01	  +1.6238911276676790E-01	
  +3.3500000000000000E+02	  +3.3500000000000000E+02	  +4.2742392331221993E+01	  +5.6884674749755732E+02	  +2.5366820712372214E+02	  +4.1371196165610996E+01	  +4.4810414711545441E+01	  +1.5336650974832050E-01	  +1.5571064214809924E-01	
  +3.3600000000000000E+02	  +3.3600000000000000E+02	  +7.4574901726720864E+00	  +1.5468862645663942E+03	  +2.3636986173663675E+02	  +3.7287450863360432E+00	  +1.3081140881779781E+01	  +1.7863502247327442E-01	  +1.8136537178222739E-01	
  +3.3700000000000000E+02	  +3.3700000000000000E+02	  +1.5326704778499710E+01	  +1.1049034281608690E+03	  +2.2982160973924576E+02	  +1.2663352389249855E+01	  +1.9343542402314359E+01	  +1.7368622259616515E-01	  +1.7634093190945804E-01	
  +3.3800000000000000E+02	  +3.3800000000000000E+02	  +2.3934032521289730E+01	  +8.1602532898277934E+02	  +2.2191953955850846E+02	  +2.1967016260644865E+01	  +2.6900663957034098E+01	  +1.6771428322136372E-01	  +1.7027771435012512E-01	
  +3.3900000000000000E+02	  +3.3900000000000000E+02	  +3.2984560789637172E+01	  +6.1907907142423221E+02	  +2.1320456834631474E+02	  +3.1492280394818586E+01	  +3.5235201020116243E+01	  +1.6112799905253533E-01	  +1.6359076203582365E-01	
  +3.4000000000000000E+02	  +3.4000000000000000E+02	  +4.2035087327505252E+01	  +4.2213245491720585E+02	  +2.0448960030809849E+02	  +4.1017543663752626E+01	  +4.3569735047774429E+01	  +1.5454171728242025E-01	  +1.5690381215689866E-01	
  +3.4100000000000000E+02	  +3.4100000000000000E+02	  +6.9045615997688410E+00	  +1.4321938419273899E+03	  +1.7775330872017329E+02	  +3.4522807998844205E+00	  +1.2111252032819063E+01	  +1.7911457952455995E-01	  +1.8185225862938334E-01	
  +3.4200000000000000E+02	  +3.4200000000000000E+02	  +1.4819321735556416E+01	  +9.9965838702370320E+02	  +1.7278742021764552E+02	  +1.2409660867778207E+01	  +1.8453544707099265E+01	  +1.7411066124309302E-01	  +1.7677185789429495E-01	
  +3.4300000000000000E+02	  +3.4300000000000000E+02	  +2.3226729439051287E+01	  +6.6931143496928041E+02	  +1.6714491930192540E+02	  +2.1613364719525642E+01	  +2.5659987663717178E+01	  +1.6842494891366930E-01	  +1.7099924222131527E-01	
  +3.4400000000000000E+02	  +3.4400000000000000E+02	  +3.2277255785921177E+01	  +4.7236477884403553E+02	  +1.6061914586892067E+02	  +3.1138627892960589E+01	  +3.3994521356346539E+01	  +1.6184919978730417E-01	  +1.6432298597247252E-01	
  +3.4500000000000000E+02	  +3.4500000000000000E+02	  +4.1327783497036940E+01	  +2.7541840570048430E+02	  +1.5409337056223225E+02	  +4.0663891748518466E+01	  +4.2329057441991772E+01	  +1.5527344877290633E-01	  +1.5764672780673933E-01	
  +3.4600000000000000E+02	  +3.4600000000000000E+02	  +6.3446649321655189E+00	  +1.3160560469537029E+03	  +1.1794596379532037E+02	  +3.1723324660827594E+00	  +1.1129140488777455E+01	  +1.7827382677648179E-01	  +1.8099865538491422E-01	
  +3.4700000000000000E+02	  +3.4700000000000000E+02	  +1.4304804986756498E+01	  +8.9293362129427373E+02	  +1.1462392710050429E+02	  +1.2152402493378249E+01	  +1.7551033819220290E+01	  +1.7325261049048410E-01	  +1.7590069225372557E-01	
  +3.4800000000000000E+02	  +3.4800000000000000E+02	  +2.2519424244334491E+01	  +5.2259710277032343E+02	  +1.1107097837161795E+02	  +2.1259712122167244E+01	  +2.4419307664914058E+01	  +1.6788237359676234E-01	  +1.7044837390482517E-01	
  +3.4900000000000000E+02	  +3.4900000000000000E+02	  +3.1569952356111219E+01	  +3.2565081273475238E+02	  +1.0675953381456695E+02	  +3.0784976178055608E+01	  +3.2753844453356407E+01	  +1.6136567988900685E-01	  +1.6383207570790628E-01	
  +3.5000000000000000E+02	  +3.5000000000000000E+02	  +4.0620478969683298E+01	  +1.2870421193079392E+02	  +1.0244809061697271E+02	  +4.0310239484841645E+01	  +4.1088378613806540E+01	  +1.5484898823605306E-01	  +1.5721577959719568E-01	
  +3.5100000000000000E+02	  +3.5100000000000000E+02	  +5.7777484938495887E+00	  +1.1984621606350311E+03	  +5.7056360799057465E+01	  +2.8888742469247943E+00	  +1.0134715605056783E+01	  +1.7247992986413985E-01	  +1.7511620157992816E-01	
  +3.5200000000000000E+02	  +3.5200000000000000E+02	  +1.3783197141202253E+01	  +7.8473796925913030E+02	  +5.5436502230409566E+01	  +1.1891598570601126E+01	  +1.6636084479060194E+01	  +1.6758313854416435E-01	  +1.7014456518977467E-01	
  +3.5300000000000000E+02	  +3.5300000000000000E+02	  +2.1812119240617779E+01	  +3.7588281018997793E+02	  +5.3806384728943783E+01	  +2.0906059620308888E+01	  +2.3178628001143096E+01	  +1.6265533473078533E-01	  +1.6514144229536171E-01	
  +3.5400000000000000E+02	  +3.5400000000000000E+02	  +3.0862647119815072E+01	  +1.7893647191110713E+02	  +5.1729780488626588E+01	  +3.0431323559907536E+01	  +3.1513164381619188E+01	  +1.5637781284349025E-01	  +1.5876797154369879E-01	
  +3.5500000000000000E+02	  +3.5500000000000000E+02	  +3.9913169904762249E+01	  -1.8010923053773482E+01	  +4.9653178474721130E+01	  +3.9956584952381121E+01	  +3.9847691826300263E+01	  +1.5010029768658140E-01	  +1.5239450762529269E-01	
  +3.5600000000000000E+02	  +3.5600000000000000E+02	  +5.2041078074382989E+00	  +1.0794734823987828E+03	  +0.0000000000000000E+00	  +2.6020539037191495E+00	  +9.1284957561906293E+00	  +0.0000000000000000E+00	  +0.0000000000000000E+00	
  +3.5700000000000000E+02	  +3.5700000000000000E+02	  +1.3254395295807027E+01	  +6.7505008601970246E+02	  +0.0000000000000000E+00	  +1.1627197647903515E+01	  +1.5708516184902926E+01	  +0.0000000000000000E+00	  +0.0000000000000000E+00	
  +3.5800000000000000E+02	  +3.5800000000000000E+02	  +2.1104815213128511E+01	  +2.2916872010575216E+02	  +0.0000000000000000E+00	  +2.0552407606564255E+01	  +2.1937950049767110E+01	  +0.0000000000000000E+00	  +0.0000000000000000E+00	
  +3.5900000000000000E+02	  +3.5900000000000000E+02	  +3.0155342854315698E+01	  +3.2222332457112877E+01	  +0.0000000000000000E+00	  +3.0077671427157849E+01	  +3.0272486012751035E+01	  +0.0000000000000000E+00	  +0.0000000000000000E+00	
  +3.6000000000000000E+02	  +3.6000000000000000E+02	  +3.9205865011666816E+01	  -1.6472519268825744E+02	  +0.0000000000000000E+00	  +3.9602932505833408E+01	  +3.8607012356569456E+01	  +0.0000000000000000E+00	  +0.0000000000000000E+00	
  +3.6100000000000000E+02	  +3.6100000000000000E+02	  +6.0866620810849783E+00	  +1.2625392393797608E+03	  +2.9822648347670702E+02	  +3.0433310405424892E+00	  +1.0676579162548299E+01	  +1.8030621733779140E-01	  +1.8306211004628861E-01	
  +3.6200000000000000E+02	  +3.6200000000000000E+02	  +1.4840416841844457E+01	  +1.0040340857388175E+03	  +2.8802613664932977E+02	  +1.2420208420922229E+01	  +1.8490547512450750E+01	  +1.7413913944941339E-01	  +1.7680077137624564E-01	
  +3.6300000000000000E+02	  +3.6300000000000000E+02	  +2.4138060590287640E+01	  +8.5834629893529984E+02	  +2.7658039662304282E+02	  +2.2069030295143818E+01	  +2.7258548426554338E+01	  +1.6721910315782515E-01	  +1.6977496570055015E-01	
  +3.6400000000000000E+02	  +3.6400000000000000E+02	  +3.3437319935130304E+01	  +7.1299363076037901E+02	  +2.6513095721542322E+02	  +3.1718659967565152E+01	  +3.6029383249066839E+01	  +1.6029683023907088E-01	  +1.6274688921193181E-01	
  +3.6500000000000000E+02	  +3.6500000000000000E+02	  +4.2736579323155276E+01	  +5.6764097154264300E+02	  +2.5368151770892507E+02	  +4.1368289661577634E+01	  +4.4800218147325175E+01	  +1.5337455726053512E-01	  +1.5571881266261825E-01	
